{"numTotalTestSuites":245,"numPassedTestSuites":245,"numFailedTestSuites":0,"numPendingTestSuites":0,"numTotalTests":421,"numPassedTests":421,"numFailedTests":0,"numPendingTests":0,"numTodoTests":0,"snapshot":{"added":0,"failure":false,"filesAdded":0,"filesRemoved":0,"filesRemovedList":[],"filesUnmatched":0,"filesUpdated":0,"matched":0,"total":0,"unchecked":0,"uncheckedKeysByFile":[],"unmatched":0,"updated":0,"didUpdate":false},"startTime":1783465453342,"success":true,"testResults":[{"assertionResults":[{"ancestorTitles":["Frontend Infrastructure Test"],"fullName":"Frontend Infrastructure Test should render with all providers without crashing","status":"passed","title":"should render with all providers without crashing","duration":95.94159799999943,"failureMessages":[],"meta":{},"tags":[]}],"startTime":1783465498389,"endTime":1783465498484.9417,"status":"passed","message":"","name":"/home/dani/proyectos/tfg/frontend/src/sanity.test.tsx"},{"assertionResults":[{"ancestorTitles":["AuthContext"],"fullName":"AuthContext debe iniciar como no autenticado si no hay token","status":"passed","title":"debe iniciar como no autenticado si no hay token","duration":62.23063600000023,"failureMessages":[],"meta":{},"tags":[]},{"ancestorTitles":["AuthContext"],"fullName":"AuthContext debe cargar el perfil de usuario al hacer login","status":"passed","title":"debe cargar el perfil de usuario al hacer login","duration":82.62261099999978,"failureMessages":[],"meta":{},"tags":[]},{"ancestorTitles":["AuthContext"],"fullName":"AuthContext debe limpiar datos al hacer logout","status":"passed","title":"debe limpiar datos al hacer logout","duration":22.65276300000005,"failureMessages":[],"meta":{},"tags":[]},{"ancestorTitles":["AuthContext"],"fullName":"AuthContext debe verificar permisos correctamente","status":"passed","title":"debe verificar permisos correctamente","duration":21.2579410000003,"failureMessages":[],"meta":{},"tags":[]}],"startTime":1783465494007,"endTime":1783465494197.258,"status":"passed","message":"","name":"/home/dani/proyectos/tfg/frontend/src/context/AuthContext.test.tsx"},{"assertionResults":[{"ancestorTitles":["NotificationContext"],"fullName":"NotificationContext debe cargar el contador y la lista inicial","status":"passed","title":"debe cargar el contador y la lista inicial","duration":136.96600500000022,"failureMessages":[],"meta":{},"tags":[]},{"ancestorTitles":["NotificationContext"],"fullName":"NotificationContext debe llamar a la API para marcar como leída","status":"passed","title":"debe llamar a la API para marcar como leída","duration":61.331607999999505,"failureMessages":[],"meta":{},"tags":[]},{"ancestorTitles":["NotificationContext"],"fullName":"NotificationContext debe llamar a la API para borrar todo","status":"passed","title":"debe llamar a la API para borrar todo","duration":41.17178899999999,"failureMessages":[],"meta":{},"tags":[]}],"startTime":1783465494548,"endTime":1783465494788.1719,"status":"passed","message":"","name":"/home/dani/proyectos/tfg/frontend/src/context/NotificationContext.test.tsx"},{"assertionResults":[{"ancestorTitles":["SettingsContext"],"fullName":"SettingsContext debe cargar configuración de la API","status":"passed","title":"debe cargar configuración de la API","duration":180.24237300000004,"failureMessages":[],"meta":{},"tags":[]},{"ancestorTitles":["SettingsContext"],"fullName":"SettingsContext debe usar valores por defecto si falla la API","status":"passed","title":"debe usar valores por defecto si falla la API","duration":31.28740000000016,"failureMessages":[],"meta":{},"tags":[]}],"startTime":1783465494419,"endTime":1783465494631.2874,"status":"passed","message":"","name":"/home/dani/proyectos/tfg/frontend/src/context/SettingsContext.test.tsx"},{"assertionResults":[{"ancestorTitles":["SnackbarContext"],"fullName":"SnackbarContext debe mostrar el snackbar al llamar a showSnackbar","status":"passed","title":"debe mostrar el snackbar al llamar a showSnackbar","duration":561.3094419999998,"failureMessages":[],"meta":{},"tags":[]},{"ancestorTitles":["SnackbarContext"],"fullName":"SnackbarContext debe cerrarse al pulsar la X","status":"passed","title":"debe cerrarse al pulsar la X","duration":109.28291799999988,"failureMessages":[],"meta":{},"tags":[]}],"startTime":1783465488630,"endTime":1783465489301.283,"status":"passed","message":"","name":"/home/dani/proyectos/tfg/frontend/src/context/SnackbarContext.test.tsx"},{"assertionResults":[{"ancestorTitles":["Layout - Navegación Inteligente"],"fullName":"Layout - Navegación Inteligente debe mostrar menús desplegables cuando hay múltiples opciones (ADMIN)","status":"passed","title":"debe mostrar menús desplegables cuando hay múltiples opciones (ADMIN)","duration":912.5869359999997,"failureMessages":[],"meta":{},"tags":[]},{"ancestorTitles":["Layout - Navegación Inteligente"],"fullName":"Layout - Navegación Inteligente debe promover a botón directo cuando solo hay una opción (PROFESOR - Solo Espacios)","status":"passed","title":"debe promover a botón directo cuando solo hay una opción (PROFESOR - Solo Espacios)","duration":198.22015199999987,"failureMessages":[],"meta":{},"tags":[]},{"ancestorTitles":["Layout - Navegación Inteligente"],"fullName":"Layout - Navegación Inteligente debe promover a botón directo en Reservas si solo hay una opción","status":"passed","title":"debe promover a botón directo en Reservas si solo hay una opción","duration":87.81168700000126,"failureMessages":[],"meta":{},"tags":[]},{"ancestorTitles":["Layout - Navegación Inteligente"],"fullName":"Layout - Navegación Inteligente debe ocultar secciones si no hay permisos","status":"passed","title":"debe ocultar secciones si no hay permisos","duration":89.53391900000133,"failureMessages":[],"meta":{},"tags":[]}],"startTime":1783465483090,"endTime":1783465484380.534,"status":"passed","message":"","name":"/home/dani/proyectos/tfg/frontend/src/layouts/Layout.test.tsx"},{"assertionResults":[{"ancestorTitles":["BulkActionBar"],"fullName":"BulkActionBar debe renderizar la cantidad seleccionada en masculino","status":"passed","title":"debe renderizar la cantidad seleccionada en masculino","duration":319.5925849999994,"failureMessages":[],"meta":{},"tags":[]},{"ancestorTitles":["BulkActionBar"],"fullName":"BulkActionBar debe renderizar la cantidad seleccionada en femenino","status":"passed","title":"debe renderizar la cantidad seleccionada en femenino","duration":19.13228799999979,"failureMessages":[],"meta":{},"tags":[]},{"ancestorTitles":["BulkActionBar"],"fullName":"BulkActionBar debe mostrar banner global si se cumplen las condiciones","status":"passed","title":"debe mostrar banner global si se cumplen las condiciones","duration":51.94202200000018,"failureMessages":[],"meta":{},"tags":[]},{"ancestorTitles":["BulkActionBar"],"fullName":"BulkActionBar debe llamar a onDelete al pulsar eliminar","status":"passed","title":"debe llamar a onDelete al pulsar eliminar","duration":295.7833609999998,"failureMessages":[],"meta":{},"tags":[]}],"startTime":1783465487685,"endTime":1783465488371.7834,"status":"passed","message":"","name":"/home/dani/proyectos/tfg/frontend/src/shared/components/BulkActionBar.test.tsx"},{"assertionResults":[{"ancestorTitles":["BulkDeleteConflictDialog"],"fullName":"BulkDeleteConflictDialog debe renderizar mensaje de éxito si no hay conflictos","status":"passed","title":"debe renderizar mensaje de éxito si no hay conflictos","duration":647.2541739999997,"failureMessages":[],"meta":{},"tags":[]},{"ancestorTitles":["BulkDeleteConflictDialog"],"fullName":"BulkDeleteConflictDialog debe renderizar aviso de conflictos y lista desplegable","status":"passed","title":"debe renderizar aviso de conflictos y lista desplegable","duration":375.61756400000013,"failureMessages":[],"meta":{},"tags":[]},{"ancestorTitles":["BulkDeleteConflictDialog"],"fullName":"BulkDeleteConflictDialog debe llamar a onConfirm al pulsar borrar","status":"passed","title":"debe llamar a onConfirm al pulsar borrar","duration":315.71859200000017,"failureMessages":[],"meta":{},"tags":[]},{"ancestorTitles":["BulkDeleteConflictDialog"],"fullName":"BulkDeleteConflictDialog debe mostrar estado de carga inicial","status":"passed","title":"debe mostrar estado de carga inicial","duration":87.85514599999988,"failureMessages":[],"meta":{},"tags":[]}],"startTime":1783465483934,"endTime":1783465485360.8552,"status":"passed","message":"","name":"/home/dani/proyectos/tfg/frontend/src/shared/components/BulkDeleteConflictDialog.test.tsx"},{"assertionResults":[{"ancestorTitles":["ConfirmDialog"],"fullName":"ConfirmDialog debe renderizar título y descripción cuando está abierto","status":"passed","title":"debe renderizar título y descripción cuando está abierto","duration":662.3234000000002,"failureMessages":[],"meta":{},"tags":[]},{"ancestorTitles":["ConfirmDialog"],"fullName":"ConfirmDialog debe llamar a onConfirm al pulsar confirmar","status":"passed","title":"debe llamar a onConfirm al pulsar confirmar","duration":53.838589999999385,"failureMessages":[],"meta":{},"tags":[]},{"ancestorTitles":["ConfirmDialog"],"fullName":"ConfirmDialog debe llamar a onClose al pulsar cancelar","status":"passed","title":"debe llamar a onClose al pulsar cancelar","duration":67.38454200000069,"failureMessages":[],"meta":{},"tags":[]},{"ancestorTitles":["ConfirmDialog"],"fullName":"ConfirmDialog debe mostrar estado de carga y deshabilitar botones","status":"passed","title":"debe mostrar estado de carga y deshabilitar botones","duration":240.81467499999962,"failureMessages":[],"meta":{},"tags":[]}],"startTime":1783465485436,"endTime":1783465486460.8147,"status":"passed","message":"","name":"/home/dani/proyectos/tfg/frontend/src/shared/components/ConfirmDialog.test.tsx"},{"assertionResults":[{"ancestorTitles":["DeleteEntityDialog"],"fullName":"DeleteEntityDialog debe renderizar el nombre de la entidad y el título","status":"passed","title":"debe renderizar el nombre de la entidad y el título","duration":538.230705,"failureMessages":[],"meta":{},"tags":[]},{"ancestorTitles":["DeleteEntityDialog"],"fullName":"DeleteEntityDialog debe mostrar estado de comprobación de conflictos","status":"passed","title":"debe mostrar estado de comprobación de conflictos","duration":211.85899400000017,"failureMessages":[],"meta":{},"tags":[]},{"ancestorTitles":["DeleteEntityDialog"],"fullName":"DeleteEntityDialog debe mostrar errores si se proporcionan","status":"passed","title":"debe mostrar errores si se proporcionan","duration":61.37021800000002,"failureMessages":[],"meta":{},"tags":[]},{"ancestorTitles":["DeleteEntityDialog"],"fullName":"DeleteEntityDialog debe llamar a onConfirm al pulsar el botón","status":"passed","title":"debe llamar a onConfirm al pulsar el botón","duration":105.09043800000018,"failureMessages":[],"meta":{},"tags":[]},{"ancestorTitles":["DeleteEntityDialog"],"fullName":"DeleteEntityDialog debe mostrar nota de auditoría si se proporciona","status":"passed","title":"debe mostrar nota de auditoría si se proporciona","duration":38.80387300000075,"failureMessages":[],"meta":{},"tags":[]}],"startTime":1783465484675,"endTime":1783465485630.804,"status":"passed","message":"","name":"/home/dani/proyectos/tfg/frontend/src/shared/components/DeleteEntityDialog.test.tsx"},{"assertionResults":[{"ancestorTitles":["EmptyState"],"fullName":"EmptyState debe renderizar el título por defecto","status":"passed","title":"debe renderizar el título por defecto","duration":165.48998999999958,"failureMessages":[],"meta":{},"tags":[]},{"ancestorTitles":["EmptyState"],"fullName":"EmptyState debe renderizar título y descripción personalizados","status":"passed","title":"debe renderizar título y descripción personalizados","duration":21.761569000000236,"failureMessages":[],"meta":{},"tags":[]},{"ancestorTitles":["EmptyState"],"fullName":"EmptyState debe renderizar el icono si se proporciona","status":"passed","title":"debe renderizar el icono si se proporciona","duration":32.586483000000044,"failureMessages":[],"meta":{},"tags":[]}],"startTime":1783465495037,"endTime":1783465495257.5864,"status":"passed","message":"","name":"/home/dani/proyectos/tfg/frontend/src/shared/components/EmptyState.test.tsx"},{"assertionResults":[{"ancestorTitles":["ExportDataDialog"],"fullName":"ExportDataDialog debe renderizar las columnas y el título","status":"passed","title":"debe renderizar las columnas y el título","duration":722.6196760000003,"failureMessages":[],"meta":{},"tags":[]},{"ancestorTitles":["ExportDataDialog"],"fullName":"ExportDataDialog debe permitir seleccionar/desmarcar todo","status":"passed","title":"debe permitir seleccionar/desmarcar todo","duration":368.8969900000002,"failureMessages":[],"meta":{},"tags":[]},{"ancestorTitles":["ExportDataDialog"],"fullName":"ExportDataDialog debe llamar a onExport con las columnas seleccionadas","status":"passed","title":"debe llamar a onExport con las columnas seleccionadas","duration":68.12412500000028,"failureMessages":[],"meta":{},"tags":[]},{"ancestorTitles":["ExportDataDialog"],"fullName":"ExportDataDialog debe deshabilitar el botón si no hay nada seleccionado","status":"passed","title":"debe deshabilitar el botón si no hay nada seleccionado","duration":152.76379300000008,"failureMessages":[],"meta":{},"tags":[]}],"startTime":1783465478737,"endTime":1783465480050.7637,"status":"passed","message":"","name":"/home/dani/proyectos/tfg/frontend/src/shared/components/ExportDataDialog.test.tsx"},{"assertionResults":[{"ancestorTitles":["FilterBar"],"fullName":"FilterBar debe renderizar el campo de búsqueda con el valor inicial","status":"passed","title":"debe renderizar el campo de búsqueda con el valor inicial","duration":379.1098899999997,"failureMessages":[],"meta":{},"tags":[]},{"ancestorTitles":["FilterBar"],"fullName":"FilterBar debe llamar a onSearchChange cuando el usuario escribe","status":"passed","title":"debe llamar a onSearchChange cuando el usuario escribe","duration":77.17865600000005,"failureMessages":[],"meta":{},"tags":[]},{"ancestorTitles":["FilterBar"],"fullName":"FilterBar debe permitir limpiar la búsqueda pulsando el icono","status":"passed","title":"debe permitir limpiar la búsqueda pulsando el icono","duration":43.63191300000017,"failureMessages":[],"meta":{},"tags":[]},{"ancestorTitles":["FilterBar"],"fullName":"FilterBar debe mostrar el switch de eliminados si se proporciona el callback","status":"passed","title":"debe mostrar el switch de eliminados si se proporciona el callback","duration":154.82247499999994,"failureMessages":[],"meta":{},"tags":[]},{"ancestorTitles":["FilterBar"],"fullName":"FilterBar debe mostrar el botón de limpiar filtros si hay filtros activos","status":"passed","title":"debe mostrar el botón de limpiar filtros si hay filtros activos","duration":441.86149000000023,"failureMessages":[],"meta":{},"tags":[]},{"ancestorTitles":["FilterBar"],"fullName":"FilterBar debe renderizar children y extraContent","status":"passed","title":"debe renderizar children y extraContent","duration":45.850014999999985,"failureMessages":[],"meta":{},"tags":[]}],"startTime":1783465483816,"endTime":1783465484958.85,"status":"passed","message":"","name":"/home/dani/proyectos/tfg/frontend/src/shared/components/FilterBar.test.tsx"},{"assertionResults":[{"ancestorTitles":["FormDialogWrapper"],"fullName":"FormDialogWrapper debe renderizar el título y el contenido","status":"passed","title":"debe renderizar el título y el contenido","duration":524.9004320000004,"failureMessages":[],"meta":{},"tags":[]},{"ancestorTitles":["FormDialogWrapper"],"fullName":"FormDialogWrapper debe llamar a onSubmit al pulsar guardar","status":"passed","title":"debe llamar a onSubmit al pulsar guardar","duration":181.26760000000013,"failureMessages":[],"meta":{},"tags":[]},{"ancestorTitles":["FormDialogWrapper"],"fullName":"FormDialogWrapper debe abrir diálogo de confirmación si está sucio al cancelar","status":"passed","title":"debe abrir diálogo de confirmación si está sucio al cancelar","duration":278.0270650000002,"failureMessages":[],"meta":{},"tags":[]},{"ancestorTitles":["FormDialogWrapper"],"fullName":"FormDialogWrapper debe cerrar directamente si no está sucio al cancelar","status":"passed","title":"debe cerrar directamente si no está sucio al cancelar","duration":110.56091199999992,"failureMessages":[],"meta":{},"tags":[]}],"startTime":1783465484458,"endTime":1783465485552.5608,"status":"passed","message":"","name":"/home/dani/proyectos/tfg/frontend/src/shared/components/FormDialogWrapper.test.tsx"},{"assertionResults":[{"ancestorTitles":["PageHeader"],"fullName":"PageHeader debe renderizar título y subtítulo","status":"passed","title":"debe renderizar título y subtítulo","duration":129.5211360000003,"failureMessages":[],"meta":{},"tags":[]},{"ancestorTitles":["PageHeader"],"fullName":"PageHeader debe renderizar botones de acción y responder a clicks","status":"passed","title":"debe renderizar botones de acción y responder a clicks","duration":168.22029799999927,"failureMessages":[],"meta":{},"tags":[]},{"ancestorTitles":["PageHeader"],"fullName":"PageHeader no debe renderizar acciones marcadas como ocultas","status":"passed","title":"no debe renderizar acciones marcadas como ocultas","duration":8.753426999999647,"failureMessages":[],"meta":{},"tags":[]},{"ancestorTitles":["PageHeader"],"fullName":"PageHeader debe deshabilitar botones si se especifica","status":"passed","title":"debe deshabilitar botones si se especifica","duration":12.104897000000165,"failureMessages":[],"meta":{},"tags":[]}],"startTime":1783465492460,"endTime":1783465492779.105,"status":"passed","message":"","name":"/home/dani/proyectos/tfg/frontend/src/shared/components/PageHeader.test.tsx"},{"assertionResults":[{"ancestorTitles":["PageLoader"],"fullName":"PageLoader debe renderizar el mensaje por defecto","status":"passed","title":"debe renderizar el mensaje por defecto","duration":191.24093300000004,"failureMessages":[],"meta":{},"tags":[]},{"ancestorTitles":["PageLoader"],"fullName":"PageLoader debe renderizar un mensaje personalizado","status":"passed","title":"debe renderizar un mensaje personalizado","duration":15.256268000000091,"failureMessages":[],"meta":{},"tags":[]},{"ancestorTitles":["PageLoader"],"fullName":"PageLoader debe renderizar un CircularProgress","status":"passed","title":"debe renderizar un CircularProgress","duration":258.47907099999975,"failureMessages":[],"meta":{},"tags":[]}],"startTime":1783465489714,"endTime":1783465490179.479,"status":"passed","message":"","name":"/home/dani/proyectos/tfg/frontend/src/shared/components/PageLoader.test.tsx"},{"assertionResults":[{"ancestorTitles":["useBaseForm"],"fullName":"useBaseForm debe inicializar con los valores proporcionados","status":"passed","title":"debe inicializar con los valores proporcionados","duration":28.613123000000087,"failureMessages":[],"meta":{},"tags":[]},{"ancestorTitles":["useBaseForm"],"fullName":"useBaseForm debe actualizar campos y marcar como sucio","status":"passed","title":"debe actualizar campos y marcar como sucio","duration":6.199271999999837,"failureMessages":[],"meta":{},"tags":[]},{"ancestorTitles":["useBaseForm"],"fullName":"useBaseForm debe manejar el evento handleChange estándar","status":"passed","title":"debe manejar el evento handleChange estándar","duration":3.3846040000003086,"failureMessages":[],"meta":{},"tags":[]},{"ancestorTitles":["useBaseForm"],"fullName":"useBaseForm debe permitir re-inicializar el formulario con resetForm","status":"passed","title":"debe permitir re-inicializar el formulario con resetForm","duration":3.7549340000000484,"failureMessages":[],"meta":{},"tags":[]},{"ancestorTitles":["useBaseForm"],"fullName":"useBaseForm debe llamar a onSubmit con los datos actuales","status":"passed","title":"debe llamar a onSubmit con los datos actuales","duration":7.2675279999998565,"failureMessages":[],"meta":{},"tags":[]}],"startTime":1783465498635,"endTime":1783465498684.2676,"status":"passed","message":"","name":"/home/dani/proyectos/tfg/frontend/src/shared/hooks/useBaseForm.test.ts"},{"assertionResults":[{"ancestorTitles":["useBulkActions"],"fullName":"useBulkActions debe gestionar selección individual y múltiple","status":"passed","title":"debe gestionar selección individual y múltiple","duration":34.209232000000156,"failureMessages":[],"meta":{},"tags":[]},{"ancestorTitles":["useBulkActions"],"fullName":"useBulkActions debe llamar a la API de conflictos al abrir el modal","status":"passed","title":"debe llamar a la API de conflictos al abrir el modal","duration":67.8175299999998,"failureMessages":[],"meta":{},"tags":[]},{"ancestorTitles":["useBulkActions"],"fullName":"useBulkActions debe ejecutar el borrado masivo y limpiar selección","status":"passed","title":"debe ejecutar el borrado masivo y limpiar selección","duration":11.855429000000186,"failureMessages":[],"meta":{},"tags":[]},{"ancestorTitles":["useBulkActions"],"fullName":"useBulkActions debe soportar selección global","status":"passed","title":"debe soportar selección global","duration":15.243539000000055,"failureMessages":[],"meta":{},"tags":[]}],"startTime":1783465495595,"endTime":1783465495724.2437,"status":"passed","message":"","name":"/home/dani/proyectos/tfg/frontend/src/shared/hooks/useBulkActions.test.tsx"},{"assertionResults":[{"ancestorTitles":["useDeleteEntity"],"fullName":"useDeleteEntity debe cargar conflictos al abrir","status":"passed","title":"debe cargar conflictos al abrir","duration":96.08176000000003,"failureMessages":[],"meta":{},"tags":[]},{"ancestorTitles":["useDeleteEntity"],"fullName":"useDeleteEntity debe llamar a DELETE con force=true si hay conflictos","status":"passed","title":"debe llamar a DELETE con force=true si hay conflictos","duration":75.53178800000023,"failureMessages":[],"meta":{},"tags":[]},{"ancestorTitles":["useDeleteEntity"],"fullName":"useDeleteEntity debe manejar errores al borrar","status":"passed","title":"debe manejar errores al borrar","duration":64.58683299999984,"failureMessages":[],"meta":{},"tags":[]}],"startTime":1783465493062,"endTime":1783465493298.587,"status":"passed","message":"","name":"/home/dani/proyectos/tfg/frontend/src/shared/hooks/useDeleteEntity.test.tsx"},{"assertionResults":[{"ancestorTitles":["useFormValidation"],"fullName":"useFormValidation debe inicializar sin errores","status":"passed","title":"debe inicializar sin errores","duration":24.19044699999995,"failureMessages":[],"meta":{},"tags":[]},{"ancestorTitles":["useFormValidation"],"fullName":"useFormValidation debe mapear errores desde una ApiException","status":"passed","title":"debe mapear errores desde una ApiException","duration":6.886045000000195,"failureMessages":[],"meta":{},"tags":[]},{"ancestorTitles":["useFormValidation"],"fullName":"useFormValidation debe obtener errores de campos individuales","status":"passed","title":"debe obtener errores de campos individuales","duration":3.635262999999668,"failureMessages":[],"meta":{},"tags":[]},{"ancestorTitles":["useFormValidation"],"fullName":"useFormValidation debe permitir limpiar errores individuales","status":"passed","title":"debe permitir limpiar errores individuales","duration":3.9109129999997094,"failureMessages":[],"meta":{},"tags":[]},{"ancestorTitles":["useFormValidation"],"fullName":"useFormValidation debe limpiar todos los errores","status":"passed","title":"debe limpiar todos los errores","duration":3.2589140000000043,"failureMessages":[],"meta":{},"tags":[]},{"ancestorTitles":["useFormValidation"],"fullName":"useFormValidation debe devolver false si el error no tiene validationErrors","status":"passed","title":"debe devolver false si el error no tiene validationErrors","duration":2.138549000000239,"failureMessages":[],"meta":{},"tags":[]}],"startTime":1783465498669,"endTime":1783465498713.1384,"status":"passed","message":"","name":"/home/dani/proyectos/tfg/frontend/src/shared/hooks/useFormValidation.test.ts"},{"assertionResults":[{"ancestorTitles":["useModalStack"],"fullName":"useModalStack debe inicializar todos los modales como cerrados","status":"passed","title":"debe inicializar todos los modales como cerrados","duration":32.702741999999944,"failureMessages":[],"meta":{},"tags":[]},{"ancestorTitles":["useModalStack"],"fullName":"useModalStack debe permitir abrir un modal con datos","status":"passed","title":"debe permitir abrir un modal con datos","duration":7.012757999999849,"failureMessages":[],"meta":{},"tags":[]},{"ancestorTitles":["useModalStack"],"fullName":"useModalStack debe permitir cerrar un modal","status":"passed","title":"debe permitir cerrar un modal","duration":4.373352000000068,"failureMessages":[],"meta":{},"tags":[]},{"ancestorTitles":["useModalStack"],"fullName":"useModalStack debe permitir cerrar todos los modales a la vez","status":"passed","title":"debe permitir cerrar todos los modales a la vez","duration":7.422568999999839,"failureMessages":[],"meta":{},"tags":[]},{"ancestorTitles":["useModalStack"],"fullName":"useModalStack debe devolver props estándar con getProps","status":"passed","title":"debe devolver props estándar con getProps","duration":11.107709000000341,"failureMessages":[],"meta":{},"tags":[]}],"startTime":1783465497149,"endTime":1783465497212.1077,"status":"passed","message":"","name":"/home/dani/proyectos/tfg/frontend/src/shared/hooks/useModalStack.test.ts"},{"assertionResults":[{"ancestorTitles":["useResource"],"fullName":"useResource debe cargar datos con paginación por defecto","status":"passed","title":"debe cargar datos con paginación por defecto","duration":108.21081700000013,"failureMessages":[],"meta":{},"tags":[]},{"ancestorTitles":["useResource"],"fullName":"useResource debe permitir cambiar de página","status":"passed","title":"debe permitir cambiar de página","duration":64.5012340000003,"failureMessages":[],"meta":{},"tags":[]},{"ancestorTitles":["useResource"],"fullName":"useResource debe alternar dirección al ordenar por el mismo campo","status":"passed","title":"debe alternar dirección al ordenar por el mismo campo","duration":66.22449599999982,"failureMessages":[],"meta":{},"tags":[]},{"ancestorTitles":["useResource"],"fullName":"useResource debe resetear página al filtrar","status":"passed","title":"debe resetear página al filtrar","duration":66.78772799999979,"failureMessages":[],"meta":{},"tags":[]}],"startTime":1783465491006,"endTime":1783465491311.7878,"status":"passed","message":"","name":"/home/dani/proyectos/tfg/frontend/src/shared/hooks/useResource.test.tsx"},{"assertionResults":[{"ancestorTitles":["useApi"],"fullName":"useApi debe realizar una petición exitosa y devolver JSON","status":"passed","title":"debe realizar una petición exitosa y devolver JSON","duration":38.78616899999997,"failureMessages":[],"meta":{},"tags":[]},{"ancestorTitles":["useApi"],"fullName":"useApi debe manejar error 401 y hacer logout","status":"passed","title":"debe manejar error 401 y hacer logout","duration":8.397633000000042,"failureMessages":[],"meta":{},"tags":[]},{"ancestorTitles":["useApi"],"fullName":"useApi debe manejar error 403 y notificar","status":"passed","title":"debe manejar error 403 y notificar","duration":4.3378670000001875,"failureMessages":[],"meta":{},"tags":[]},{"ancestorTitles":["useApi"],"fullName":"useApi debe lanzar ApiException con datos del servidor en errores 400","status":"passed","title":"debe lanzar ApiException con datos del servidor en errores 400","duration":5.863475000000108,"failureMessages":[],"meta":{},"tags":[]},{"ancestorTitles":["useApi"],"fullName":"useApi debe devolver Blob si el content-type es adecuado","status":"passed","title":"debe devolver Blob si el content-type es adecuado","duration":6.758871999999883,"failureMessages":[],"meta":{},"tags":[]}],"startTime":1783465496289,"endTime":1783465496353.7588,"status":"passed","message":"","name":"/home/dani/proyectos/tfg/frontend/src/shared/utils/api.test.ts"},{"assertionResults":[{"ancestorTitles":["dateUtils","parseApiDate"],"fullName":"dateUtils parseApiDate debe parsear una cadena ISO correctamente","status":"passed","title":"debe parsear una cadena ISO correctamente","duration":2.804476999999679,"failureMessages":[],"meta":{},"tags":[]},{"ancestorTitles":["dateUtils","parseApiDate"],"fullName":"dateUtils parseApiDate debe parsear una cadena con espacio en lugar de T","status":"passed","title":"debe parsear una cadena con espacio en lugar de T","duration":0.6943039999996472,"failureMessages":[],"meta":{},"tags":[]},{"ancestorTitles":["dateUtils","parseApiDate"],"fullName":"dateUtils parseApiDate debe devolver el mismo objeto si ya es una fecha","status":"passed","title":"debe devolver el mismo objeto si ya es una fecha","duration":0.4056719999998677,"failureMessages":[],"meta":{},"tags":[]},{"ancestorTitles":["dateUtils","formatDisplayDate"],"fullName":"dateUtils formatDisplayDate debe formatear en español por defecto","status":"passed","title":"debe formatear en español por defecto","duration":1.3468700000003082,"failureMessages":[],"meta":{},"tags":[]},{"ancestorTitles":["dateUtils","formatDisplayDate"],"fullName":"dateUtils formatDisplayDate debe aceptar una cadena de fecha como entrada","status":"passed","title":"debe aceptar una cadena de fecha como entrada","duration":0.5353369999993447,"failureMessages":[],"meta":{},"tags":[]},{"ancestorTitles":["dateUtils","formatApiDate"],"fullName":"dateUtils formatApiDate debe formatear para la API (ISO sin offset)","status":"passed","title":"debe formatear para la API (ISO sin offset)","duration":0.47723299999961455,"failureMessages":[],"meta":{},"tags":[]},{"ancestorTitles":["dateUtils","isFuture"],"fullName":"dateUtils isFuture debe detectar fechas futuras","status":"passed","title":"debe detectar fechas futuras","duration":0.32705299999997806,"failureMessages":[],"meta":{},"tags":[]},{"ancestorTitles":["dateUtils","isFuture"],"fullName":"dateUtils isFuture debe detectar fechas pasadas","status":"passed","title":"debe detectar fechas pasadas","duration":0.18907299999955285,"failureMessages":[],"meta":{},"tags":[]},{"ancestorTitles":["dateUtils","isToday"],"fullName":"dateUtils isToday debe detectar el día actual","status":"passed","title":"debe detectar el día actual","duration":0.41376799999943614,"failureMessages":[],"meta":{},"tags":[]},{"ancestorTitles":["dateUtils","isToday"],"fullName":"dateUtils isToday debe detectar días distintos","status":"passed","title":"debe detectar días distintos","duration":0.362369999999828,"failureMessages":[],"meta":{},"tags":[]},{"ancestorTitles":["dateUtils","getSmartDefaultTime"],"fullName":"dateUtils getSmartDefaultTime debe usar la hora de apertura para días futuros","status":"passed","title":"debe usar la hora de apertura para días futuros","duration":0.4833570000000691,"failureMessages":[],"meta":{},"tags":[]},{"ancestorTitles":["dateUtils","getSmartDefaultTime"],"fullName":"dateUtils getSmartDefaultTime debe redondear a la siguiente media hora si es hoy","status":"passed","title":"debe redondear a la siguiente media hora si es hoy","duration":1.9661519999999655,"failureMessages":[],"meta":{},"tags":[]},{"ancestorTitles":["dateUtils","getSmartDefaultTime"],"fullName":"dateUtils getSmartDefaultTime debe redondear a la siguiente hora entera si pasan de las :30","status":"passed","title":"debe redondear a la siguiente hora entera si pasan de las :30","duration":0.6299140000000989,"failureMessages":[],"meta":{},"tags":[]},{"ancestorTitles":["dateUtils","getSmartDefaultTime"],"fullName":"dateUtils getSmartDefaultTime debe usar la hora de apertura si es hoy pero muy temprano","status":"passed","title":"debe usar la hora de apertura si es hoy pero muy temprano","duration":0.47805800000060117,"failureMessages":[],"meta":{},"tags":[]}],"startTime":1783465500291,"endTime":1783465500303.478,"status":"passed","message":"","name":"/home/dani/proyectos/tfg/frontend/src/shared/utils/dateUtils.test.ts"},{"assertionResults":[{"ancestorTitles":["formUtils","areObjectsEqual"],"fullName":"formUtils areObjectsEqual debe identificar primitivos iguales","status":"passed","title":"debe identificar primitivos iguales","duration":4.2837469999999485,"failureMessages":[],"meta":{},"tags":[]},{"ancestorTitles":["formUtils","areObjectsEqual"],"fullName":"formUtils areObjectsEqual debe identificar primitivos distintos","status":"passed","title":"debe identificar primitivos distintos","duration":1.0643549999999777,"failureMessages":[],"meta":{},"tags":[]},{"ancestorTitles":["formUtils","areObjectsEqual"],"fullName":"formUtils areObjectsEqual debe comparar objetos simples","status":"passed","title":"debe comparar objetos simples","duration":1.0279179999997723,"failureMessages":[],"meta":{},"tags":[]},{"ancestorTitles":["formUtils","areObjectsEqual"],"fullName":"formUtils areObjectsEqual debe ignorar el orden de las claves","status":"passed","title":"debe ignorar el orden de las claves","duration":0.8244010000003072,"failureMessages":[],"meta":{},"tags":[]},{"ancestorTitles":["formUtils","areObjectsEqual"],"fullName":"formUtils areObjectsEqual debe comparar fechas correctamente","status":"passed","title":"debe comparar fechas correctamente","duration":0.5881309999999758,"failureMessages":[],"meta":{},"tags":[]},{"ancestorTitles":["formUtils","areObjectsEqual"],"fullName":"formUtils areObjectsEqual debe comparar arrays profundamente","status":"passed","title":"debe comparar arrays profundamente","duration":0.6534120000001167,"failureMessages":[],"meta":{},"tags":[]},{"ancestorTitles":["formUtils","areObjectsEqual"],"fullName":"formUtils areObjectsEqual debe comparar objetos anidados","status":"passed","title":"debe comparar objetos anidados","duration":0.6268319999999221,"failureMessages":[],"meta":{},"tags":[]}],"startTime":1783465498103,"endTime":1783465498112.627,"status":"passed","message":"","name":"/home/dani/proyectos/tfg/frontend/src/shared/utils/formUtils.test.ts"},{"assertionResults":[{"ancestorTitles":["timeUtils","isTimeDisabled"],"fullName":"timeUtils isTimeDisabled debe permitir horas dentro del rango","status":"passed","title":"debe permitir horas dentro del rango","duration":2.437804000000142,"failureMessages":[],"meta":{},"tags":[]},{"ancestorTitles":["timeUtils","isTimeDisabled"],"fullName":"timeUtils isTimeDisabled debe deshabilitar horas fuera del rango","status":"passed","title":"debe deshabilitar horas fuera del rango","duration":0.47026800000003277,"failureMessages":[],"meta":{},"tags":[]},{"ancestorTitles":["timeUtils","isTimeDisabled"],"fullName":"timeUtils isTimeDisabled solo debe permitir el minuto 0 en la hora de cierre","status":"passed","title":"solo debe permitir el minuto 0 en la hora de cierre","duration":0.410178999999971,"failureMessages":[],"meta":{},"tags":[]},{"ancestorTitles":["timeUtils","adjustTimeToStartHour"],"fullName":"timeUtils adjustTimeToStartHour debe ajustar la medianoche a la hora de inicio","status":"passed","title":"debe ajustar la medianoche a la hora de inicio","duration":0.32894900000019334,"failureMessages":[],"meta":{},"tags":[]},{"ancestorTitles":["timeUtils","adjustTimeToStartHour"],"fullName":"timeUtils adjustTimeToStartHour no debe tocar la hora si ya está establecida","status":"passed","title":"no debe tocar la hora si ya está establecida","duration":0.26731599999993705,"failureMessages":[],"meta":{},"tags":[]}],"startTime":1783465497953,"endTime":1783465497957.2673,"status":"passed","message":"","name":"/home/dani/proyectos/tfg/frontend/src/shared/utils/timeUtils.test.ts"},{"assertionResults":[{"ancestorTitles":["RequireAuth"],"fullName":"RequireAuth debe mostrar PageLoader si está cargando","status":"passed","title":"debe mostrar PageLoader si está cargando","duration":261.82200799999964,"failureMessages":[],"meta":{},"tags":[]},{"ancestorTitles":["RequireAuth"],"fullName":"RequireAuth debe redirigir a login si no está autenticado","status":"passed","title":"debe redirigir a login si no está autenticado","duration":27.163040999999794,"failureMessages":[],"meta":{},"tags":[]},{"ancestorTitles":["RequireAuth"],"fullName":"RequireAuth debe renderizar el contenido si está autenticado y tiene permisos","status":"passed","title":"debe renderizar el contenido si está autenticado y tiene permisos","duration":7.113604000000123,"failureMessages":[],"meta":{},"tags":[]},{"ancestorTitles":["RequireAuth"],"fullName":"RequireAuth debe redirigir a unauthorized si no tiene el permiso requerido","status":"passed","title":"debe redirigir a unauthorized si no tiene el permiso requerido","duration":19.226552000000083,"failureMessages":[],"meta":{},"tags":[]},{"ancestorTitles":["RequireAuth"],"fullName":"RequireAuth debe redirigir a unauthorized si no tiene el rol permitido","status":"passed","title":"debe redirigir a unauthorized si no tiene el rol permitido","duration":23.168523000000278,"failureMessages":[],"meta":{},"tags":[]}],"startTime":1783465494344,"endTime":1783465494683.1685,"status":"passed","message":"","name":"/home/dani/proyectos/tfg/frontend/src/features/auth/components/RequireAuth.test.tsx"},{"assertionResults":[{"ancestorTitles":["useLogin"],"fullName":"useLogin debe inicializar estados correctamente","status":"passed","title":"debe inicializar estados correctamente","duration":24.679661000000124,"failureMessages":[],"meta":{},"tags":[]},{"ancestorTitles":["useLogin"],"fullName":"useLogin debe actualizar email y password","status":"passed","title":"debe actualizar email y password","duration":6.660386000000017,"failureMessages":[],"meta":{},"tags":[]},{"ancestorTitles":["useLogin"],"fullName":"useLogin debe realizar login exitoso y navegar al home","status":"passed","title":"debe realizar login exitoso y navegar al home","duration":9.492279999999937,"failureMessages":[],"meta":{},"tags":[]},{"ancestorTitles":["useLogin"],"fullName":"useLogin debe manejar errores de autenticación","status":"passed","title":"debe manejar errores de autenticación","duration":11.141304999999647,"failureMessages":[],"meta":{},"tags":[]}],"startTime":1783465496030,"endTime":1783465496082.1414,"status":"passed","message":"","name":"/home/dani/proyectos/tfg/frontend/src/features/auth/hooks/useLogin.test.ts"},{"assertionResults":[{"ancestorTitles":["LoginPage"],"fullName":"LoginPage debe renderizar los campos de login","status":"passed","title":"debe renderizar los campos de login","duration":1246.939735,"failureMessages":[],"meta":{},"tags":[]},{"ancestorTitles":["LoginPage"],"fullName":"LoginPage debe permitir escribir en los campos","status":"passed","title":"debe permitir escribir en los campos","duration":282.4067239999995,"failureMessages":[],"meta":{},"tags":[]},{"ancestorTitles":["LoginPage"],"fullName":"LoginPage debe mostrar error cuando las credenciales son incorrectas","status":"passed","title":"debe mostrar error cuando las credenciales son incorrectas","duration":512.0433440000006,"failureMessages":[],"meta":{},"tags":[]},{"ancestorTitles":["LoginPage"],"fullName":"LoginPage debe cambiar la visibilidad de la contraseña al pulsar el icono","status":"passed","title":"debe cambiar la visibilidad de la contraseña al pulsar el icono","duration":248.86950800000068,"failureMessages":[],"meta":{},"tags":[]},{"ancestorTitles":["LoginPage"],"fullName":"LoginPage debe llamar al API y redirigir (implícito) al login exitoso","status":"passed","title":"debe llamar al API y redirigir (implícito) al login exitoso","duration":481.27573999999913,"failureMessages":[],"meta":{},"tags":[]}],"startTime":1783465470843,"endTime":1783465473615.2756,"status":"passed","message":"","name":"/home/dani/proyectos/tfg/frontend/src/features/auth/pages/LoginPage.test.tsx"},{"assertionResults":[{"ancestorTitles":["useCalendarEvents"],"fullName":"useCalendarEvents debe cargar espacios y eventos al inicializar","status":"passed","title":"debe cargar espacios y eventos al inicializar","duration":105.84177199999976,"failureMessages":[],"meta":{},"tags":[]},{"ancestorTitles":["useCalendarEvents"],"fullName":"useCalendarEvents debe filtrar eventos por estado localmente","status":"passed","title":"debe filtrar eventos por estado localmente","duration":75.8173429999988,"failureMessages":[],"meta":{},"tags":[]},{"ancestorTitles":["useCalendarEvents"],"fullName":"useCalendarEvents debe permitir aprobar una reserva","status":"passed","title":"debe permitir aprobar una reserva","duration":328.7767810000005,"failureMessages":[],"meta":{},"tags":[]},{"ancestorTitles":["useCalendarEvents"],"fullName":"useCalendarEvents debe inicializar espacios desde la URL si están presentes","status":"passed","title":"debe inicializar espacios desde la URL si están presentes","duration":68.51257400000031,"failureMessages":[],"meta":{},"tags":[]}],"startTime":1783465493054,"endTime":1783465493632.5127,"status":"passed","message":"","name":"/home/dani/proyectos/tfg/frontend/src/features/calendar/hooks/useCalendarEvents.test.tsx"},{"assertionResults":[{"ancestorTitles":["useCalendarNavigation"],"fullName":"useCalendarNavigation debe abrir modal de detalles cuando reservationId está en la URL","status":"passed","title":"debe abrir modal de detalles cuando reservationId está en la URL","duration":20.609016000000338,"failureMessages":[],"meta":{},"tags":[]},{"ancestorTitles":["useCalendarNavigation"],"fullName":"useCalendarNavigation debe abrir modal de creación cuando openForm=true está en la URL","status":"passed","title":"debe abrir modal de creación cuando openForm=true está en la URL","duration":6.2348910000000615,"failureMessages":[],"meta":{},"tags":[]},{"ancestorTitles":["useCalendarNavigation"],"fullName":"useCalendarNavigation debe abrir detalles solo con ID si el evento no está cargado","status":"passed","title":"debe abrir detalles solo con ID si el evento no está cargado","duration":2.114812000000711,"failureMessages":[],"meta":{},"tags":[]}],"startTime":1783465500257,"endTime":1783465500286.1147,"status":"passed","message":"","name":"/home/dani/proyectos/tfg/frontend/src/features/calendar/hooks/useCalendarNavigation.test.ts"},{"assertionResults":[{"ancestorTitles":["AgendaEvent"],"fullName":"AgendaEvent debe renderizar el título y el tipo","status":"passed","title":"debe renderizar el título y el tipo","duration":140.34839099999954,"failureMessages":[],"meta":{},"tags":[]},{"ancestorTitles":["AgendaEvent"],"fullName":"AgendaEvent debe mostrar BLOQUEO si el estado es bloqueo","status":"passed","title":"debe mostrar BLOQUEO si el estado es bloqueo","duration":15.514719999999215,"failureMessages":[],"meta":{},"tags":[]}],"startTime":1783465497260,"endTime":1783465497416.5146,"status":"passed","message":"","name":"/home/dani/proyectos/tfg/frontend/src/features/calendar/components/AgendaEvent.test.tsx"},{"assertionResults":[{"ancestorTitles":["CalendarDialogs"],"fullName":"CalendarDialogs debe renderizar el diálogo de detalles si está abierto","status":"passed","title":"debe renderizar el diálogo de detalles si está abierto","duration":65.61745699999938,"failureMessages":[],"meta":{},"tags":[]},{"ancestorTitles":["CalendarDialogs"],"fullName":"CalendarDialogs debe abrir el diálogo de edición desde detalles","status":"passed","title":"debe abrir el diálogo de edición desde detalles","duration":29.52886099999978,"failureMessages":[],"meta":{},"tags":[]},{"ancestorTitles":["CalendarDialogs"],"fullName":"CalendarDialogs debe manejar el éxito de una creación correctamente","status":"passed","title":"debe manejar el éxito de una creación correctamente","duration":13.398331000000326,"failureMessages":[],"meta":{},"tags":[]},{"ancestorTitles":["CalendarDialogs"],"fullName":"CalendarDialogs debe renderizar confirmAction dialog si está abierto","status":"passed","title":"debe renderizar confirmAction dialog si está abierto","duration":10.646200000000135,"failureMessages":[],"meta":{},"tags":[]}],"startTime":1783465500936,"endTime":1783465501055.6462,"status":"passed","message":"","name":"/home/dani/proyectos/tfg/frontend/src/features/calendar/components/CalendarDialogs.test.tsx"},{"assertionResults":[{"ancestorTitles":["CalendarHeader"],"fullName":"CalendarHeader debe renderizar el label y el botón Hoy","status":"passed","title":"debe renderizar el label y el botón Hoy","duration":484.61229300000014,"failureMessages":[],"meta":{},"tags":[]},{"ancestorTitles":["CalendarHeader"],"fullName":"CalendarHeader debe navegar al pulsar Anterior/Siguiente/Hoy","status":"passed","title":"debe navegar al pulsar Anterior/Siguiente/Hoy","duration":114.58322399999997,"failureMessages":[],"meta":{},"tags":[]},{"ancestorTitles":["CalendarHeader"],"fullName":"CalendarHeader debe permitir cambiar de vista usando el menú","status":"passed","title":"debe permitir cambiar de vista usando el menú","duration":477.9774239999988,"failureMessages":[],"meta":{},"tags":[]},{"ancestorTitles":["CalendarHeader"],"fullName":"CalendarHeader debe abrir el selector de fecha al pulsar el label","status":"passed","title":"debe abrir el selector de fecha al pulsar el label","duration":171.69438699999955,"failureMessages":[],"meta":{},"tags":[]},{"ancestorTitles":["CalendarHeader"],"fullName":"CalendarHeader debe llamar a onToggleSidebar al pulsar el icono de menú","status":"passed","title":"debe llamar a onToggleSidebar al pulsar el icono de menú","duration":75.61197999999968,"failureMessages":[],"meta":{},"tags":[]}],"startTime":1783465482335,"endTime":1783465483660.612,"status":"passed","message":"","name":"/home/dani/proyectos/tfg/frontend/src/features/calendar/components/CalendarHeader.test.tsx"},{"assertionResults":[{"ancestorTitles":["CalendarSidebar"],"fullName":"CalendarSidebar debe renderizar los grupos de espacios","status":"passed","title":"debe renderizar los grupos de espacios","duration":794.0941480000001,"failureMessages":[],"meta":{},"tags":[]},{"ancestorTitles":["CalendarSidebar"],"fullName":"CalendarSidebar debe mostrar los espacios individuales al estar expandido","status":"passed","title":"debe mostrar los espacios individuales al estar expandido","duration":188.58854299999985,"failureMessages":[],"meta":{},"tags":[]},{"ancestorTitles":["CalendarSidebar"],"fullName":"CalendarSidebar debe llamar a onToggleSpace al pulsar un espacio","status":"passed","title":"debe llamar a onToggleSpace al pulsar un espacio","duration":225.97729699999945,"failureMessages":[],"meta":{},"tags":[]},{"ancestorTitles":["CalendarSidebar"],"fullName":"CalendarSidebar debe permitir seleccionar todos los espacios globalmente","status":"passed","title":"debe permitir seleccionar todos los espacios globalmente","duration":215.60000899999977,"failureMessages":[],"meta":{},"tags":[]},{"ancestorTitles":["CalendarSidebar"],"fullName":"CalendarSidebar debe permitir filtrar por estado","status":"passed","title":"debe permitir filtrar por estado","duration":165.477261,"failureMessages":[],"meta":{},"tags":[]},{"ancestorTitles":["CalendarSidebar"],"fullName":"CalendarSidebar debe permitir filtrar por tipo de reserva","status":"passed","title":"debe permitir filtrar por tipo de reserva","duration":164.48132299999997,"failureMessages":[],"meta":{},"tags":[]}],"startTime":1783465479125,"endTime":1783465480879.4812,"status":"passed","message":"","name":"/home/dani/proyectos/tfg/frontend/src/features/calendar/components/CalendarSidebar.test.tsx"},{"assertionResults":[{"ancestorTitles":["EventTooltip"],"fullName":"EventTooltip debe mostrar el contenido detallado al pasar el ratón","status":"passed","title":"debe mostrar el contenido detallado al pasar el ratón","duration":1337.3236030000007,"failureMessages":[],"meta":{},"tags":[]}],"startTime":1783465482547,"endTime":1783465483884.3235,"status":"passed","message":"","name":"/home/dani/proyectos/tfg/frontend/src/features/calendar/components/EventTooltip.test.tsx"},{"assertionResults":[{"ancestorTitles":["CalendarView"],"fullName":"CalendarView debe renderizar el calendario y la barra lateral","status":"passed","title":"debe renderizar el calendario y la barra lateral","duration":1244.789479000001,"failureMessages":[],"meta":{},"tags":[]},{"ancestorTitles":["CalendarView"],"fullName":"CalendarView debe mostrar los eventos cargados de la API","status":"passed","title":"debe mostrar los eventos cargados de la API","duration":813.2460879999999,"failureMessages":[],"meta":{},"tags":[]},{"ancestorTitles":["CalendarView"],"fullName":"CalendarView debe permitir cambiar de vista","status":"passed","title":"debe permitir cambiar de vista","duration":477.48709699999927,"failureMessages":[],"meta":{},"tags":[]},{"ancestorTitles":["CalendarView"],"fullName":"CalendarView debe filtrar eventos por espacio en la barra lateral","status":"passed","title":"debe filtrar eventos por espacio en la barra lateral","duration":745.7057569999997,"failureMessages":[],"meta":{},"tags":[]}],"startTime":1783465467439,"endTime":1783465470719.7058,"status":"passed","message":"","name":"/home/dani/proyectos/tfg/frontend/src/features/calendar/pages/CalendarView.test.tsx"},{"assertionResults":[{"ancestorTitles":["DashboardHeader"],"fullName":"DashboardHeader debe renderizar los pickers de fecha con los valores iniciales","status":"passed","title":"debe renderizar los pickers de fecha con los valores iniciales","duration":592.7548729999999,"failureMessages":[],"meta":{},"tags":[]},{"ancestorTitles":["DashboardHeader"],"fullName":"DashboardHeader debe contener los inputs con las fechas formateadas","status":"passed","title":"debe contener los inputs con las fechas formateadas","duration":142.3386330000012,"failureMessages":[],"meta":{},"tags":[]}],"startTime":1783465489543,"endTime":1783465490172.3386,"status":"passed","message":"","name":"/home/dani/proyectos/tfg/frontend/src/features/dashboard/components/DashboardHeader.test.tsx"},{"assertionResults":[{"ancestorTitles":["ExportAuditDialog"],"fullName":"ExportAuditDialog debe renderizarse correctamente","status":"passed","title":"debe renderizarse correctamente","duration":719.1134229999998,"failureMessages":[],"meta":{},"tags":[]},{"ancestorTitles":["ExportAuditDialog"],"fullName":"ExportAuditDialog debe llamar a onExport con las columnas seleccionadas al pulsar descargar","status":"passed","title":"debe llamar a onExport con las columnas seleccionadas al pulsar descargar","duration":267.2791159999997,"failureMessages":[],"meta":{},"tags":[]},{"ancestorTitles":["ExportAuditDialog"],"fullName":"ExportAuditDialog debe llamar a onClose al pulsar cancelar","status":"passed","title":"debe llamar a onClose al pulsar cancelar","duration":169.14490399999977,"failureMessages":[],"meta":{},"tags":[]}],"startTime":1783465483967,"endTime":1783465485123.145,"status":"passed","message":"","name":"/home/dani/proyectos/tfg/frontend/src/features/dashboard/components/ExportAuditDialog.test.tsx"},{"assertionResults":[{"ancestorTitles":["useDashboardStats"],"fullName":"useDashboardStats debe cargar estadísticas con el rango por defecto","status":"passed","title":"debe cargar estadísticas con el rango por defecto","duration":188.40294900000026,"failureMessages":[],"meta":{},"tags":[]},{"ancestorTitles":["useDashboardStats"],"fullName":"useDashboardStats debe permitir cambiar el rango de fechas","status":"passed","title":"debe permitir cambiar el rango de fechas","duration":74.68250700000044,"failureMessages":[],"meta":{},"tags":[]}],"startTime":1783465492894,"endTime":1783465493157.6826,"status":"passed","message":"","name":"/home/dani/proyectos/tfg/frontend/src/features/dashboard/hooks/useDashboardStats.test.tsx"},{"assertionResults":[{"ancestorTitles":["AuditLogPage"],"fullName":"AuditLogPage debe renderizar el título y el subtítulo","status":"passed","title":"debe renderizar el título y el subtítulo","duration":1648.4650189999993,"failureMessages":[],"meta":{},"tags":[]},{"ancestorTitles":["AuditLogPage"],"fullName":"AuditLogPage debe listar los registros obtenidos de la API usando sus etiquetas configuradas","status":"passed","title":"debe listar los registros obtenidos de la API usando sus etiquetas configuradas","duration":413.31648099999984,"failureMessages":[],"meta":{},"tags":[]}],"startTime":1783465477945,"endTime":1783465480007.3164,"status":"passed","message":"","name":"/home/dani/proyectos/tfg/frontend/src/features/dashboard/pages/AuditLogPage.test.tsx"},{"assertionResults":[{"ancestorTitles":["DashboardPage"],"fullName":"DashboardPage debe renderizar el dashboard global para administradores","status":"passed","title":"debe renderizar el dashboard global para administradores","duration":1416.6442629999983,"failureMessages":[],"meta":{},"tags":[]},{"ancestorTitles":["DashboardPage"],"fullName":"DashboardPage debe renderizar el dashboard personal para usuarios normales","status":"passed","title":"debe renderizar el dashboard personal para usuarios normales","duration":422.5594790000014,"failureMessages":[],"meta":{},"tags":[]}],"startTime":1783465479419,"endTime":1783465481258.5596,"status":"passed","message":"","name":"/home/dani/proyectos/tfg/frontend/src/features/dashboard/pages/DashboardPage.test.tsx"},{"assertionResults":[{"ancestorTitles":["useNotificationActions"],"fullName":"useNotificationActions debe marcar como leída y navegar por actionPath","status":"passed","title":"debe marcar como leída y navegar por actionPath","duration":33.39392500000031,"failureMessages":[],"meta":{},"tags":[]},{"ancestorTitles":["useNotificationActions"],"fullName":"useNotificationActions debe mostrar detalles si la reserva está RECHAZADA","status":"passed","title":"debe mostrar detalles si la reserva está RECHAZADA","duration":9.433146000000306,"failureMessages":[],"meta":{},"tags":[]},{"ancestorTitles":["useNotificationActions"],"fullName":"useNotificationActions debe navegar a notificaciones con query param si no hay onShowDetails y está CANCELADA","status":"passed","title":"debe navegar a notificaciones con query param si no hay onShowDetails y está CANCELADA","duration":5.590031000000181,"failureMessages":[],"meta":{},"tags":[]}],"startTime":1783465497017,"endTime":1783465497065.59,"status":"passed","message":"","name":"/home/dani/proyectos/tfg/frontend/src/features/notifications/hooks/useNotificationActions.test.ts"},{"assertionResults":[{"ancestorTitles":["NotificationPreferences"],"fullName":"NotificationPreferences debe cargar y renderizar las preferencias actuales","status":"passed","title":"debe cargar y renderizar las preferencias actuales","duration":1653.3218479999996,"failureMessages":[],"meta":{},"tags":[]},{"ancestorTitles":["NotificationPreferences"],"fullName":"NotificationPreferences debe filtrar filas según permisos (Usuario básico)","status":"passed","title":"debe filtrar filas según permisos (Usuario básico)","duration":159.4029529999989,"failureMessages":[],"meta":{},"tags":[]},{"ancestorTitles":["NotificationPreferences"],"fullName":"NotificationPreferences debe habilitar el botón guardar cuando hay cambios","status":"passed","title":"debe habilitar el botón guardar cuando hay cambios","duration":477.25927000000047,"failureMessages":[],"meta":{},"tags":[]},{"ancestorTitles":["NotificationPreferences"],"fullName":"NotificationPreferences debe llamar a la API al guardar cambios","status":"passed","title":"debe llamar a la API al guardar cambios","duration":718.497953,"failureMessages":[],"meta":{},"tags":[]},{"ancestorTitles":["NotificationPreferences"],"fullName":"NotificationPreferences debe mostrar diálogo de confirmación al restaurar","status":"passed","title":"debe mostrar diálogo de confirmación al restaurar","duration":508.72434299999986,"failureMessages":[],"meta":{},"tags":[]}],"startTime":1783465461247,"endTime":1783465464764.7244,"status":"passed","message":"","name":"/home/dani/proyectos/tfg/frontend/src/features/notifications/components/NotificationPreferences.test.tsx"},{"assertionResults":[{"ancestorTitles":["NotificationCenter"],"fullName":"NotificationCenter debe renderizar el título y las notificaciones","status":"passed","title":"debe renderizar el título y las notificaciones","duration":1123.554274,"failureMessages":[],"meta":{},"tags":[]},{"ancestorTitles":["NotificationCenter"],"fullName":"NotificationCenter debe permitir marcar todas como leídas","status":"passed","title":"debe permitir marcar todas como leídas","duration":923.6999390000001,"failureMessages":[],"meta":{},"tags":[]},{"ancestorTitles":["NotificationCenter"],"fullName":"NotificationCenter debe permitir abrir la confirmación de vaciado","status":"passed","title":"debe permitir abrir la confirmación de vaciado","duration":644.6871620000002,"failureMessages":[],"meta":{},"tags":[]},{"ancestorTitles":["NotificationCenter"],"fullName":"NotificationCenter debe permitir cambiar a la pestaña de preferencias","status":"passed","title":"debe permitir cambiar a la pestaña de preferencias","duration":533.6151530000006,"failureMessages":[],"meta":{},"tags":[]}],"startTime":1783465465154,"endTime":1783465468379.6152,"status":"passed","message":"","name":"/home/dani/proyectos/tfg/frontend/src/features/notifications/pages/NotificationCenter.test.tsx"},{"assertionResults":[{"ancestorTitles":["BlockForm"],"fullName":"BlockForm debe renderizar el espacio afectado y el título","status":"passed","title":"debe renderizar el espacio afectado y el título","duration":1347.3548279999995,"failureMessages":[],"meta":{},"tags":[]},{"ancestorTitles":["BlockForm"],"fullName":"BlockForm debe llamar a submitBlock al pulsar confirmar si está sucio","status":"passed","title":"debe llamar a submitBlock al pulsar confirmar si está sucio","duration":475.8941450000002,"failureMessages":[],"meta":{},"tags":[]}],"startTime":1783465474736,"endTime":1783465476558.894,"status":"passed","message":"","name":"/home/dani/proyectos/tfg/frontend/src/features/reservations/components/BlockForm.test.tsx"},{"assertionResults":[{"ancestorTitles":["CalendarDetailsDialog"],"fullName":"CalendarDetailsDialog debe mostrar cargando si no se proporciona reserva y se busca por ID","status":"passed","title":"debe mostrar cargando si no se proporciona reserva y se busca por ID","duration":1268.6547269999992,"failureMessages":[],"meta":{},"tags":[]},{"ancestorTitles":["CalendarDetailsDialog"],"fullName":"CalendarDetailsDialog debe mostrar los botones de acción si canEdit y canDelete son true","status":"passed","title":"debe mostrar los botones de acción si canEdit y canDelete son true","duration":550.1614129999998,"failureMessages":[],"meta":{},"tags":[]},{"ancestorTitles":["CalendarDetailsDialog"],"fullName":"CalendarDetailsDialog debe mostrar botones de aprobar/rechazar si canApproveReject es true y está SOLICITADA","status":"passed","title":"debe mostrar botones de aprobar/rechazar si canApproveReject es true y está SOLICITADA","duration":304.4959369999997,"failureMessages":[],"meta":{},"tags":[]},{"ancestorTitles":["CalendarDetailsDialog"],"fullName":"CalendarDetailsDialog debe llamar a onEdit al pulsar el botón","status":"passed","title":"debe llamar a onEdit al pulsar el botón","duration":318.3587260000004,"failureMessages":[],"meta":{},"tags":[]}],"startTime":1783465474190,"endTime":1783465476632.3586,"status":"passed","message":"","name":"/home/dani/proyectos/tfg/frontend/src/features/reservations/components/CalendarDetailsDialog.test.tsx"},{"assertionResults":[{"ancestorTitles":["ConfirmCalendarActionDialog"],"fullName":"ConfirmCalendarActionDialog debe renderizar modo MOVE con título y datos correctos","status":"passed","title":"debe renderizar modo MOVE con título y datos correctos","duration":792.3283630000005,"failureMessages":[],"meta":{},"tags":[]},{"ancestorTitles":["ConfirmCalendarActionDialog"],"fullName":"ConfirmCalendarActionDialog debe renderizar modo RESIZE con título diferente","status":"passed","title":"debe renderizar modo RESIZE con título diferente","duration":127.11514299999908,"failureMessages":[],"meta":{},"tags":[]},{"ancestorTitles":["ConfirmCalendarActionDialog"],"fullName":"ConfirmCalendarActionDialog debe llamar a onConfirm al confirmar","status":"passed","title":"debe llamar a onConfirm al confirmar","duration":263.6033700000007,"failureMessages":[],"meta":{},"tags":[]}],"startTime":1783465487192,"endTime":1783465488374.6033,"status":"passed","message":"","name":"/home/dani/proyectos/tfg/frontend/src/features/reservations/components/ConfirmCalendarActionDialog.test.tsx"},{"assertionResults":[{"ancestorTitles":["DeleteReservationDialog"],"fullName":"DeleteReservationDialog debe mostrar los detalles de la reserva a cancelar","status":"passed","title":"debe mostrar los detalles de la reserva a cancelar","duration":868.5506780000005,"failureMessages":[],"meta":{},"tags":[]},{"ancestorTitles":["DeleteReservationDialog"],"fullName":"DeleteReservationDialog debe permitir confirmar la cancelación","status":"passed","title":"debe permitir confirmar la cancelación","duration":416.8498120000004,"failureMessages":[],"meta":{},"tags":[]},{"ancestorTitles":["DeleteReservationDialog"],"fullName":"DeleteReservationDialog debe mostrar error de red si falla la cancelación","status":"passed","title":"debe mostrar error de red si falla la cancelación","duration":263.1990029999997,"failureMessages":[],"meta":{},"tags":[]}],"startTime":1783465477991,"endTime":1783465479547.199,"status":"passed","message":"","name":"/home/dani/proyectos/tfg/frontend/src/features/reservations/components/DeleteReservationDialog.test.tsx"},{"assertionResults":[{"ancestorTitles":["ExportReservationsDialog"],"fullName":"ExportReservationsDialog debe renderizar el título correcto y las columnas predefinidas","status":"passed","title":"debe renderizar el título correcto y las columnas predefinidas","duration":912.036016,"failureMessages":[],"meta":{},"tags":[]},{"ancestorTitles":["ExportReservationsDialog"],"fullName":"ExportReservationsDialog debe llamar a onExport con las columnas seleccionadas por defecto","status":"passed","title":"debe llamar a onExport con las columnas seleccionadas por defecto","duration":357.4350400000003,"failureMessages":[],"meta":{},"tags":[]}],"startTime":1783465478979,"endTime":1783465480248.435,"status":"passed","message":"","name":"/home/dani/proyectos/tfg/frontend/src/features/reservations/components/ExportReservationsDialog.test.tsx"},{"assertionResults":[{"ancestorTitles":["ImportReservationsDialog"],"fullName":"ImportReservationsDialog debe renderizar el título e instrucciones de importación","status":"passed","title":"debe renderizar el título e instrucciones de importación","duration":1063.3179960000007,"failureMessages":[],"meta":{},"tags":[]},{"ancestorTitles":["ImportReservationsDialog"],"fullName":"ImportReservationsDialog debe mostrar conflictos detectados tras la validación","status":"passed","title":"debe mostrar conflictos detectados tras la validación","duration":747.9385410000004,"failureMessages":[],"meta":{},"tags":[]},{"ancestorTitles":["ImportReservationsDialog"],"fullName":"ImportReservationsDialog debe permitir completar la importación si hay elementos válidos","status":"passed","title":"debe permitir completar la importación si hay elementos válidos","duration":470.1694289999996,"failureMessages":[],"meta":{},"tags":[]}],"startTime":1783465471032,"endTime":1783465473313.1694,"status":"passed","message":"","name":"/home/dani/proyectos/tfg/frontend/src/features/reservations/components/ImportReservationsDialog.test.tsx"},{"assertionResults":[{"ancestorTitles":["RejectReservationDialog"],"fullName":"RejectReservationDialog debe renderizar el campo para el motivo de rechazo","status":"passed","title":"debe renderizar el campo para el motivo de rechazo","duration":1232.9933220000003,"failureMessages":[],"meta":{},"tags":[]},{"ancestorTitles":["RejectReservationDialog"],"fullName":"RejectReservationDialog debe requerir un motivo antes de habilitar el botón","status":"passed","title":"debe requerir un motivo antes de habilitar el botón","duration":662.2972460000001,"failureMessages":[],"meta":{},"tags":[]},{"ancestorTitles":["RejectReservationDialog"],"fullName":"RejectReservationDialog debe llamar al endpoint y notificar éxito","status":"passed","title":"debe llamar al endpoint y notificar éxito","duration":943.3056080000006,"failureMessages":[],"meta":{},"tags":[]}],"startTime":1783465460329,"endTime":1783465463171.3057,"status":"passed","message":"","name":"/home/dani/proyectos/tfg/frontend/src/features/reservations/components/RejectReservationDialog.test.tsx"},{"assertionResults":[{"ancestorTitles":["ReservationList"],"fullName":"ReservationList debe renderizar el título y permitir filtrar","status":"passed","title":"debe renderizar el título y permitir filtrar","duration":2743.082851000001,"failureMessages":[],"meta":{},"tags":[]},{"ancestorTitles":["ReservationList"],"fullName":"ReservationList debe abrir el diálogo de detalles al pulsar ver","status":"passed","title":"debe abrir el diálogo de detalles al pulsar ver","duration":2487.9444969999986,"failureMessages":[],"meta":{},"tags":[]}],"startTime":1783465466871,"endTime":1783465472101.9446,"status":"passed","message":"","name":"/home/dani/proyectos/tfg/frontend/src/features/reservations/components/ReservationList.test.tsx"},{"assertionResults":[{"ancestorTitles":["useConflictChecker"],"fullName":"useConflictChecker debe inicializar con valores por defecto","status":"passed","title":"debe inicializar con valores por defecto","duration":23.92522000000008,"failureMessages":[],"meta":{},"tags":[]},{"ancestorTitles":["useConflictChecker"],"fullName":"useConflictChecker debe llamar a la API tras el debounce al comprobar conflictos","status":"passed","title":"debe llamar a la API tras el debounce al comprobar conflictos","duration":575.3240560000004,"failureMessages":[],"meta":{},"tags":[]},{"ancestorTitles":["useConflictChecker"],"fullName":"useConflictChecker debe limpiar conflictos si faltan parámetros","status":"passed","title":"debe limpiar conflictos si faltan parámetros","duration":6.768538000000262,"failureMessages":[],"meta":{},"tags":[]}],"startTime":1783465490936,"endTime":1783465491541.7686,"status":"passed","message":"","name":"/home/dani/proyectos/tfg/frontend/src/features/reservations/hooks/useConflictChecker.test.ts"},{"assertionResults":[{"ancestorTitles":["useReservationForm"],"fullName":"useReservationForm debe inicializar el formulario en modo creación","status":"passed","title":"debe inicializar el formulario en modo creación","duration":34.140612999999576,"failureMessages":[],"meta":{},"tags":[]},{"ancestorTitles":["useReservationForm"],"fullName":"useReservationForm debe hidratar el formulario desde initialSlot","status":"passed","title":"debe hidratar el formulario desde initialSlot","duration":8.784769999999298,"failureMessages":[],"meta":{},"tags":[]},{"ancestorTitles":["useReservationForm"],"fullName":"useReservationForm debe permitir cambiar campos y validar","status":"passed","title":"debe permitir cambiar campos y validar","duration":5.734459000000243,"failureMessages":[],"meta":{},"tags":[]},{"ancestorTitles":["useReservationForm"],"fullName":"useReservationForm debe llamar a la API al guardar una reserva válida","status":"passed","title":"debe llamar a la API al guardar una reserva válida","duration":9.102086000000781,"failureMessages":[],"meta":{},"tags":[]},{"ancestorTitles":["useReservationForm"],"fullName":"useReservationForm no debe cargar la lista de usuarios si el usuario es básico (sin permisos de gestión)","status":"passed","title":"no debe cargar la lista de usuarios si el usuario es básico (sin permisos de gestión)","duration":3.3712589999995544,"failureMessages":[],"meta":{},"tags":[]}],"startTime":1783465500273,"endTime":1783465500334.3713,"status":"passed","message":"","name":"/home/dani/proyectos/tfg/frontend/src/features/reservations/hooks/useReservationForm.test.tsx"},{"assertionResults":[{"ancestorTitles":["useReservations hook"],"fullName":"useReservations hook debe cargar catálogos y reservas al inicializar","status":"passed","title":"debe cargar catálogos y reservas al inicializar","duration":123.14405200000056,"failureMessages":[],"meta":{},"tags":[]},{"ancestorTitles":["useReservations hook"],"fullName":"useReservations hook debe permitir actualizar el estado de una reserva","status":"passed","title":"debe permitir actualizar el estado de una reserva","duration":304.48407399999996,"failureMessages":[],"meta":{},"tags":[]},{"ancestorTitles":["useReservations hook"],"fullName":"useReservations hook debe permitir limpiar filtros","status":"passed","title":"debe permitir limpiar filtros","duration":16.504081000000042,"failureMessages":[],"meta":{},"tags":[]},{"ancestorTitles":["useReservations hook"],"fullName":"useReservations hook no debe cargar la lista de usuarios si el usuario no tiene permisos de gestión","status":"passed","title":"no debe cargar la lista de usuarios si el usuario no tiene permisos de gestión","duration":14.343668000000434,"failureMessages":[],"meta":{},"tags":[]}],"startTime":1783465489437,"endTime":1783465489789.3438,"status":"passed","message":"","name":"/home/dani/proyectos/tfg/frontend/src/features/reservations/hooks/useReservations.test.tsx"},{"assertionResults":[{"ancestorTitles":["reservationValidation","validateTemporalRange"],"fullName":"reservationValidation validateTemporalRange debe invalidar si faltan fechas","status":"passed","title":"debe invalidar si faltan fechas","duration":1.5826790000000983,"failureMessages":[],"meta":{},"tags":[]},{"ancestorTitles":["reservationValidation","validateTemporalRange"],"fullName":"reservationValidation validateTemporalRange debe invalidar si fin <= inicio","status":"passed","title":"debe invalidar si fin <= inicio","duration":0.41564500000004045,"failureMessages":[],"meta":{},"tags":[]},{"ancestorTitles":["reservationValidation","validateTemporalRange"],"fullName":"reservationValidation validateTemporalRange debe invalidar fechas pasadas en creación","status":"passed","title":"debe invalidar fechas pasadas en creación","duration":0.4764279999999417,"failureMessages":[],"meta":{},"tags":[]},{"ancestorTitles":["reservationValidation","validateTemporalRange"],"fullName":"reservationValidation validateTemporalRange debe validar correctamente rangos futuros","status":"passed","title":"debe validar correctamente rangos futuros","duration":0.2974229999999807,"failureMessages":[],"meta":{},"tags":[]},{"ancestorTitles":["reservationValidation","validateResources"],"fullName":"reservationValidation validateResources debe invalidar si no hay espacios","status":"passed","title":"debe invalidar si no hay espacios","duration":0.30662200000006123,"failureMessages":[],"meta":{},"tags":[]},{"ancestorTitles":["reservationValidation","validateResources"],"fullName":"reservationValidation validateResources debe validar si hay al menos uno","status":"passed","title":"debe validar si hay al menos uno","duration":0.21317199999975855,"failureMessages":[],"meta":{},"tags":[]},{"ancestorTitles":["reservationValidation","validateMetadata"],"fullName":"reservationValidation validateMetadata debe validar bloqueos con descripción larga","status":"passed","title":"debe validar bloqueos con descripción larga","duration":0.2361849999997503,"failureMessages":[],"meta":{},"tags":[]},{"ancestorTitles":["reservationValidation","validateMetadata"],"fullName":"reservationValidation validateMetadata debe invalidar bloqueos con descripción corta","status":"passed","title":"debe invalidar bloqueos con descripción corta","duration":0.1321269999998549,"failureMessages":[],"meta":{},"tags":[]},{"ancestorTitles":["reservationValidation","validateMetadata"],"fullName":"reservationValidation validateMetadata debe validar reservas con título y tipo","status":"passed","title":"debe validar reservas con título y tipo","duration":0.2539969999997993,"failureMessages":[],"meta":{},"tags":[]}],"startTime":1783465500633,"endTime":1783465500637.254,"status":"passed","message":"","name":"/home/dani/proyectos/tfg/frontend/src/features/reservations/utils/reservationValidation.test.ts"},{"assertionResults":[{"ancestorTitles":["useAvailabilitySearch hook"],"fullName":"useAvailabilitySearch hook debe inicializar con los valores por defecto","status":"passed","title":"debe inicializar con los valores por defecto","duration":88.37863900000048,"failureMessages":[],"meta":{},"tags":[]},{"ancestorTitles":["useAvailabilitySearch hook"],"fullName":"useAvailabilitySearch hook debe validar errores antes de buscar (modo estricto)","status":"passed","title":"debe validar errores antes de buscar (modo estricto)","duration":16.25136200000088,"failureMessages":[],"meta":{},"tags":[]},{"ancestorTitles":["useAvailabilitySearch hook"],"fullName":"useAvailabilitySearch hook debe realizar búsqueda estática correctamente","status":"passed","title":"debe realizar búsqueda estática correctamente","duration":43.79382000000078,"failureMessages":[],"meta":{},"tags":[]},{"ancestorTitles":["useAvailabilitySearch hook"],"fullName":"useAvailabilitySearch hook debe realizar búsqueda flexible correctamente","status":"passed","title":"debe realizar búsqueda flexible correctamente","duration":25.213481999999203,"failureMessages":[],"meta":{},"tags":[]},{"ancestorTitles":["useAvailabilitySearch hook"],"fullName":"useAvailabilitySearch hook debe detectar filtros stales (obsoletos)","status":"passed","title":"debe detectar filtros stales (obsoletos)","duration":19.125748999998905,"failureMessages":[],"meta":{},"tags":[]},{"ancestorTitles":["useAvailabilitySearch hook"],"fullName":"useAvailabilitySearch hook debe limpiar filtros y resultados","status":"passed","title":"debe limpiar filtros y resultados","duration":19.59558499999912,"failureMessages":[],"meta":{},"tags":[]}],"startTime":1783465498648,"endTime":1783465498861.5957,"status":"passed","message":"","name":"/home/dani/proyectos/tfg/frontend/src/features/spaces/hooks/useAvailabilitySearch.test.tsx"},{"assertionResults":[{"ancestorTitles":["useSpaceForm"],"fullName":"useSpaceForm debe inicializar el formulario con valores por defecto","status":"passed","title":"debe inicializar el formulario con valores por defecto","duration":37.31071800000018,"failureMessages":[],"meta":{},"tags":[]},{"ancestorTitles":["useSpaceForm"],"fullName":"useSpaceForm debe hidratar el formulario con datos iniciales en modo edición","status":"passed","title":"debe hidratar el formulario con datos iniciales en modo edición","duration":10.379715999999917,"failureMessages":[],"meta":{},"tags":[]},{"ancestorTitles":["useSpaceForm"],"fullName":"useSpaceForm debe validar que la capacidad sea positiva","status":"passed","title":"debe validar que la capacidad sea positiva","duration":10.689673000000312,"failureMessages":[],"meta":{},"tags":[]},{"ancestorTitles":["useSpaceForm"],"fullName":"useSpaceForm debe llamar a la API al guardar","status":"passed","title":"debe llamar a la API al guardar","duration":14.491079999999783,"failureMessages":[],"meta":{},"tags":[]}],"startTime":1783465495699,"endTime":1783465495771.491,"status":"passed","message":"","name":"/home/dani/proyectos/tfg/frontend/src/features/spaces/hooks/useSpaceForm.test.tsx"},{"assertionResults":[{"ancestorTitles":["useSpaces hook"],"fullName":"useSpaces hook debe cargar los espacios satisfactoriamente con paginación","status":"passed","title":"debe cargar los espacios satisfactoriamente con paginación","duration":161.85588300000018,"failureMessages":[],"meta":{},"tags":[]},{"ancestorTitles":["useSpaces hook"],"fullName":"useSpaces hook debe permitir buscar por nombre y limpiar filtros","status":"passed","title":"debe permitir buscar por nombre y limpiar filtros","duration":92.8977019999993,"failureMessages":[],"meta":{},"tags":[]}],"startTime":1783465494470,"endTime":1783465494724.8977,"status":"passed","message":"","name":"/home/dani/proyectos/tfg/frontend/src/features/spaces/hooks/useSpaces.test.tsx"},{"assertionResults":[{"ancestorTitles":["AvailabilitySearchPage"],"fullName":"AvailabilitySearchPage debe renderizar el título y los filtros iniciales","status":"passed","title":"debe renderizar el título y los filtros iniciales","duration":2278.9777590000012,"failureMessages":[],"meta":{},"tags":[]},{"ancestorTitles":["AvailabilitySearchPage"],"fullName":"AvailabilitySearchPage debe realizar una búsqueda en modo fijo y mostrar error si faltan campos","status":"passed","title":"debe realizar una búsqueda en modo fijo y mostrar error si faltan campos","duration":1177.6848600000012,"failureMessages":[],"meta":{},"tags":[]},{"ancestorTitles":["AvailabilitySearchPage"],"fullName":"AvailabilitySearchPage debe permitir cambiar a búsqueda flexible y mostrar sus campos","status":"passed","title":"debe permitir cambiar a búsqueda flexible y mostrar sus campos","duration":1314.6231049999988,"failureMessages":[],"meta":{},"tags":[]},{"ancestorTitles":["AvailabilitySearchPage"],"fullName":"AvailabilitySearchPage debe permitir introducir la capacidad mínima","status":"passed","title":"debe permitir introducir la capacidad mínima","duration":405.8263850000003,"failureMessages":[],"meta":{},"tags":[]}],"startTime":1783465467744,"endTime":1783465472920.8264,"status":"passed","message":"","name":"/home/dani/proyectos/tfg/frontend/src/features/spaces/pages/AvailabilitySearchPage.test.tsx"},{"assertionResults":[{"ancestorTitles":["DeleteSpaceDialog"],"fullName":"DeleteSpaceDialog debe detectar conflictos y listar los detalles","status":"passed","title":"debe detectar conflictos y listar los detalles","duration":1296.2669670000014,"failureMessages":[],"meta":{},"tags":[]},{"ancestorTitles":["DeleteSpaceDialog"],"fullName":"DeleteSpaceDialog debe permitir eliminar forzadamente con conflictos","status":"passed","title":"debe permitir eliminar forzadamente con conflictos","duration":505.07181499999933,"failureMessages":[],"meta":{},"tags":[]},{"ancestorTitles":["DeleteSpaceDialog"],"fullName":"DeleteSpaceDialog debe mostrar confirmación simple cuando no hay conflictos","status":"passed","title":"debe mostrar confirmación simple cuando no hay conflictos","duration":237.35120899999856,"failureMessages":[],"meta":{},"tags":[]},{"ancestorTitles":["DeleteSpaceDialog"],"fullName":"DeleteSpaceDialog debe mostrar error de red si falla la eliminación","status":"passed","title":"debe mostrar error de red si falla la eliminación","duration":336.894244000001,"failureMessages":[],"meta":{},"tags":[]}],"startTime":1783465464595,"endTime":1783465466970.8943,"status":"passed","message":"","name":"/home/dani/proyectos/tfg/frontend/src/features/spaces/components/DeleteSpaceDialog.test.tsx"},{"assertionResults":[{"ancestorTitles":["ImportSpacesDialog"],"fullName":"ImportSpacesDialog debe renderizar el título y las instrucciones","status":"passed","title":"debe renderizar el título y las instrucciones","duration":669.220053,"failureMessages":[],"meta":{},"tags":[]},{"ancestorTitles":["ImportSpacesDialog"],"fullName":"ImportSpacesDialog debe permitir seleccionar un archivo y validarlo","status":"passed","title":"debe permitir seleccionar un archivo y validarlo","duration":716.0273040000002,"failureMessages":[],"meta":{},"tags":[]},{"ancestorTitles":["ImportSpacesDialog"],"fullName":"ImportSpacesDialog debe completar la importación tras la validación","status":"passed","title":"debe completar la importación tras la validación","duration":591.7248900000013,"failureMessages":[],"meta":{},"tags":[]},{"ancestorTitles":["ImportSpacesDialog"],"fullName":"ImportSpacesDialog debe deshabilitar el botón de actualizar si no hay conflictos","status":"passed","title":"debe deshabilitar el botón de actualizar si no hay conflictos","duration":402.2954549999995,"failureMessages":[],"meta":{},"tags":[]}],"startTime":1783465460364,"endTime":1783465462743.2954,"status":"passed","message":"","name":"/home/dani/proyectos/tfg/frontend/src/features/spaces/components/ImportSpacesDialog.test.tsx"},{"assertionResults":[{"ancestorTitles":["SpaceForm"],"fullName":"SpaceForm debe renderizar los campos obligatorios en modo creación","status":"passed","title":"debe renderizar los campos obligatorios en modo creación","duration":1956.8501480000004,"failureMessages":[],"
[...]
":"debe mostrar filtros avanzados si advancedOpen es true","duration":619.5182650000006,"failureMessages":[],"meta":{},"tags":[]}],"startTime":1783465466339,"endTime":1783465469280.5183,"status":"passed","message":"","name":"/home/dani/proyectos/tfg/frontend/src/features/reservations/components/list/ReservationFilters.test.tsx"},{"assertionResults":[{"ancestorTitles":["ReservationForm"],"fullName":"ReservationForm debe renderizar el título del formulario de nueva reserva","status":"passed","title":"debe renderizar el título del formulario de nueva reserva","duration":3306.8844150000004,"failureMessages":[],"meta":{},"tags":[]},{"ancestorTitles":["ReservationForm"],"fullName":"ReservationForm debe contener las secciones del stepper o acordeones","status":"passed","title":"debe contener las secciones del stepper o acordeones","duration":1113.273755000002,"failureMessages":[],"meta":{},"tags":[]}],"startTime":1783465466447,"endTime":1783465470868.2737,"status":"passed","message":"","name":"/home/dani/proyectos/tfg/frontend/src/features/reservations/components/reservation-form/ReservationForm.test.tsx"},{"assertionResults":[{"ancestorTitles":["Availability Selectors","DailySelector"],"fullName":"Availability Selectors DailySelector debe renderizar los días y resaltar el seleccionado","status":"passed","title":"debe renderizar los días y resaltar el seleccionado","duration":266.4022839999998,"failureMessages":[],"meta":{},"tags":[]},{"ancestorTitles":["Availability Selectors","DailySelector"],"fullName":"Availability Selectors DailySelector debe llamar a onSelectDate al pulsar un día con resultados","status":"passed","title":"debe llamar a onSelectDate al pulsar un día con resultados","duration":31.55061999999998,"failureMessages":[],"meta":{},"tags":[]},{"ancestorTitles":["Availability Selectors","DailySelector"],"fullName":"Availability Selectors DailySelector no debe llamar a onSelectDate si el día no tiene resultados","status":"passed","title":"no debe llamar a onSelectDate si el día no tiene resultados","duration":18.80843400000049,"failureMessages":[],"meta":{},"tags":[]},{"ancestorTitles":["Availability Selectors","TimeSlotSelector"],"fullName":"Availability Selectors TimeSlotSelector debe renderizar los slots de tiempo","status":"passed","title":"debe renderizar los slots de tiempo","duration":57.63856299999861,"failureMessages":[],"meta":{},"tags":[]},{"ancestorTitles":["Availability Selectors","TimeSlotSelector"],"fullName":"Availability Selectors TimeSlotSelector debe llamar a onSelectSlot al pulsar un slot","status":"passed","title":"debe llamar a onSelectSlot al pulsar un slot","duration":20.122831000000588,"failureMessages":[],"meta":{},"tags":[]}],"startTime":1783465496231,"endTime":1783465496627.1228,"status":"passed","message":"","name":"/home/dani/proyectos/tfg/frontend/src/features/spaces/components/availability/AvailabilitySelectors.test.tsx"},{"assertionResults":[{"ancestorTitles":["ProposalCard"],"fullName":"ProposalCard debe renderizar los datos de la propuesta","status":"passed","title":"debe renderizar los datos de la propuesta","duration":489.0886040000005,"failureMessages":[],"meta":{},"tags":[]},{"ancestorTitles":["ProposalCard"],"fullName":"ProposalCard debe calcular la eficiencia correctamente","status":"passed","title":"debe calcular la eficiencia correctamente","duration":80.9953719999994,"failureMessages":[],"meta":{},"tags":[]},{"ancestorTitles":["ProposalCard"],"fullName":"ProposalCard debe llamar a onSelect al pulsar el botón","status":"passed","title":"debe llamar a onSelect al pulsar el botón","duration":63.77930800000104,"failureMessages":[],"meta":{},"tags":[]}],"startTime":1783465492987,"endTime":1783465493620.7793,"status":"passed","message":"","name":"/home/dani/proyectos/tfg/frontend/src/features/spaces/components/availability/ProposalCard.test.tsx"},{"assertionResults":[{"ancestorTitles":["SpaceFilters"],"fullName":"SpaceFilters debe renderizar todos los controles de filtrado","status":"passed","title":"debe renderizar todos los controles de filtrado","duration":977.566581,"failureMessages":[],"meta":{},"tags":[]},{"ancestorTitles":["SpaceFilters"],"fullName":"SpaceFilters debe llamar a handleFilterChange al cambiar capacidad","status":"passed","title":"debe llamar a handleFilterChange al cambiar capacidad","duration":241.71770800000013,"failureMessages":[],"meta":{},"tags":[]},{"ancestorTitles":["SpaceFilters"],"fullName":"SpaceFilters debe llamar a handleFilterChange al cambiar ordenadores","status":"passed","title":"debe llamar a handleFilterChange al cambiar ordenadores","duration":157.2521800000004,"failureMessages":[],"meta":{},"tags":[]},{"ancestorTitles":["SpaceFilters"],"fullName":"SpaceFilters no debe llamar a handleFilterChange si el valor es negativo","status":"passed","title":"no debe llamar a handleFilterChange si el valor es negativo","duration":145.48868100000072,"failureMessages":[],"meta":{},"tags":[]}],"startTime":1783465478336,"endTime":1783465479858.4888,"status":"passed","message":"","name":"/home/dani/proyectos/tfg/frontend/src/features/spaces/components/list/SpaceFilters.test.tsx"},{"assertionResults":[{"ancestorTitles":["OccupancyConfig"],"fullName":"OccupancyConfig debe renderizar pickers de fecha y selector de espacios","status":"passed","title":"debe renderizar pickers de fecha y selector de espacios","duration":1051.0189250000003,"failureMessages":[],"meta":{},"tags":[]},{"ancestorTitles":["OccupancyConfig"],"fullName":"OccupancyConfig debe permitir seleccionar todos los espacios","status":"passed","title":"debe permitir seleccionar todos los espacios","duration":238.12145800000053,"failureMessages":[],"meta":{},"tags":[]},{"ancestorTitles":["OccupancyConfig"],"fullName":"OccupancyConfig debe mostrar estado indeterminado si algunos espacios están seleccionados","status":"passed","title":"debe mostrar estado indeterminado si algunos espacios están seleccionados","duration":242.54953699999896,"failureMessages":[],"meta":{},"tags":[]}],"startTime":1783465477868,"endTime":1783465479399.5496,"status":"passed","message":"","name":"/home/dani/proyectos/tfg/frontend/src/features/analytics/reports/components/configs/OccupancyConfig.test.tsx"},{"assertionResults":[{"ancestorTitles":["SignaturesConfig"],"fullName":"SignaturesConfig debe renderizar el picker de semana y el selector de espacios","status":"passed","title":"debe renderizar el picker de semana y el selector de espacios","duration":920.0821769999984,"failureMessages":[],"meta":{},"tags":[]},{"ancestorTitles":["SignaturesConfig"],"fullName":"SignaturesConfig debe permitir seleccionar un grupo completo de espacios","status":"passed","title":"debe permitir seleccionar un grupo completo de espacios","duration":709.2221470000004,"failureMessages":[],"meta":{},"tags":[]},{"ancestorTitles":["SignaturesConfig"],"fullName":"SignaturesConfig debe permitir seleccionar todos los espacios globalmente","status":"passed","title":"debe permitir seleccionar todos los espacios globalmente","duration":203.59699900000123,"failureMessages":[],"meta":{},"tags":[]}],"startTime":1783465480990,"endTime":1783465482823.597,"status":"passed","message":"","name":"/home/dani/proyectos/tfg/frontend/src/features/analytics/reports/components/configs/SignaturesConfig.test.tsx"},{"assertionResults":[{"ancestorTitles":["SubjectUsageConfig"],"fullName":"SubjectUsageConfig debe renderizar todos los controles","status":"passed","title":"debe renderizar todos los controles","duration":957.6095530000002,"failureMessages":[],"meta":{},"tags":[]},{"ancestorTitles":["SubjectUsageConfig"],"fullName":"SubjectUsageConfig debe permitir seleccionar todas las asignaturas","status":"passed","title":"debe permitir seleccionar todas las asignaturas","duration":257.4003990000001,"failureMessages":[],"meta":{},"tags":[]}],"startTime":1783465486400,"endTime":1783465487615.4004,"status":"passed","message":"","name":"/home/dani/proyectos/tfg/frontend/src/features/analytics/reports/components/configs/SubjectUsageConfig.test.tsx"},{"assertionResults":[{"ancestorTitles":["RolePermissionsCell"],"fullName":"RolePermissionsCell debe mostrar los dos primeros permisos y el contador de extras","status":"passed","title":"debe mostrar los dos primeros permisos y el contador de extras","duration":289.2884210000002,"failureMessages":[],"meta":{},"tags":[]},{"ancestorTitles":["RolePermissionsCell"],"fullName":"RolePermissionsCell debe deshabilitar los chips si el rol está eliminado","status":"passed","title":"debe deshabilitar los chips si el rol está eliminado","duration":25.32256200000029,"failureMessages":[],"meta":{},"tags":[]}],"startTime":1783465494136,"endTime":1783465494451.3225,"status":"passed","message":"","name":"/home/dani/proyectos/tfg/frontend/src/features/identity/roles/components/components/RolePermissionsCell.test.tsx"},{"assertionResults":[{"ancestorTitles":["RoleUsageAvatar"],"fullName":"RoleUsageAvatar debe renderizar la cantidad de usuarios activos cuando no hay eliminados","status":"passed","title":"debe renderizar la cantidad de usuarios activos cuando no hay eliminados","duration":202.0744249999998,"failureMessages":[],"meta":{},"tags":[]},{"ancestorTitles":["RoleUsageAvatar"],"fullName":"RoleUsageAvatar debe renderizar el formato active / total cuando hay eliminados","status":"passed","title":"debe renderizar el formato active / total cuando hay eliminados","duration":20.853377999999793,"failureMessages":[],"meta":{},"tags":[]},{"ancestorTitles":["RoleUsageAvatar"],"fullName":"RoleUsageAvatar debe mostrar el tooltip correcto para un usuario","status":"passed","title":"debe mostrar el tooltip correcto para un usuario","duration":16.589531999999963,"failureMessages":[],"meta":{},"tags":[]}],"startTime":1783465495610,"endTime":1783465495849.5896,"status":"passed","message":"","name":"/home/dani/proyectos/tfg/frontend/src/features/identity/roles/components/components/RoleUsageAvatar.test.tsx"},{"assertionResults":[{"ancestorTitles":["UserFilters"],"fullName":"UserFilters debe renderizar búsqueda y selector de rol","status":"passed","title":"debe renderizar búsqueda y selector de rol","duration":720.133495,"failureMessages":[],"meta":{},"tags":[]},{"ancestorTitles":["UserFilters"],"fullName":"UserFilters debe llamar a setSearchRole al cambiar el rol","status":"passed","title":"debe llamar a setSearchRole al cambiar el rol","duration":461.95162100000016,"failureMessages":[],"meta":{},"tags":[]},{"ancestorTitles":["UserFilters"],"fullName":"UserFilters debe llamar a clearFilters al pulsar el botón de Limpiar","status":"passed","title":"debe llamar a clearFilters al pulsar el botón de Limpiar","duration":361.3323849999997,"failureMessages":[],"meta":{},"tags":[]}],"startTime":1783465476753,"endTime":1783465478297.3323,"status":"passed","message":"","name":"/home/dani/proyectos/tfg/frontend/src/features/identity/users/components/list/UserFilters.test.tsx"},{"assertionResults":[{"ancestorTitles":["UserTable"],"fullName":"UserTable debe renderizar los usuarios y sus roles","status":"passed","title":"debe renderizar los usuarios y sus roles","duration":1165.9819179999995,"failureMessages":[],"meta":{},"tags":[]},{"ancestorTitles":["UserTable"],"fullName":"UserTable debe llamar a handleSort al pulsar cabecera","status":"passed","title":"debe llamar a handleSort al pulsar cabecera","duration":395.9970459999986,"failureMessages":[],"meta":{},"tags":[]},{"ancestorTitles":["UserTable"],"fullName":"UserTable debe proteger la cuenta admin de selección","status":"passed","title":"debe proteger la cuenta admin de selección","duration":1002.8272579999993,"failureMessages":[],"meta":{},"tags":[]},{"ancestorTitles":["UserTable"],"fullName":"UserTable debe disparar acciones al pulsar botones de acción","status":"passed","title":"debe disparar acciones al pulsar botones de acción","duration":740.1232220000002,"failureMessages":[],"meta":{},"tags":[]}],"startTime":1783465461048,"endTime":1783465464354.1233,"status":"passed","message":"","name":"/home/dani/proyectos/tfg/frontend/src/features/identity/users/components/list/UserTable.test.tsx"},{"assertionResults":[{"ancestorTitles":["ReservationActions"],"fullName":"ReservationActions debe mostrar botones de aprobar/rechazar si puede aprobar","status":"passed","title":"debe mostrar botones de aprobar/rechazar si puede aprobar","duration":332.72127100000034,"failureMessages":[],"meta":{},"tags":[]},{"ancestorTitles":["ReservationActions"],"fullName":"ReservationActions debe disparar acción al pulsar aprobar","status":"passed","title":"debe disparar acción al pulsar aprobar","duration":52.36973200000011,"failureMessages":[],"meta":{},"tags":[]},{"ancestorTitles":["ReservationActions"],"fullName":"ReservationActions debe mostrar botón de editar si puede editar","status":"passed","title":"debe mostrar botón de editar si puede editar","duration":31.72347600000012,"failureMessages":[],"meta":{},"tags":[]},{"ancestorTitles":["ReservationActions"],"fullName":"ReservationActions debe mostrar botón de cancelar si puede borrar y no está terminada","status":"passed","title":"debe mostrar botón de cancelar si puede borrar y no está terminada","duration":31.065231999999924,"failureMessages":[],"meta":{},"tags":[]}],"startTime":1783465489930,"endTime":1783465490378.0652,"status":"passed","message":"","name":"/home/dani/proyectos/tfg/frontend/src/features/reservations/components/list/components/ReservationActions.test.tsx"},{"assertionResults":[{"ancestorTitles":["Small Display Components","ReservationSpacesCell"],"fullName":"Small Display Components ReservationSpacesCell debe mostrar los nombres de los espacios","status":"passed","title":"debe mostrar los nombres de los espacios","duration":261.7561260000002,"failureMessages":[],"meta":{},"tags":[]},{"ancestorTitles":["Small Display Components","ReservationSpacesCell"],"fullName":"Small Display Components ReservationSpacesCell debe mostrar el contador de extras si hay más de 2","status":"passed","title":"debe mostrar el contador de extras si hay más de 2","duration":82.73095600000033,"failureMessages":[],"meta":{},"tags":[]},{"ancestorTitles":["Small Display Components","UserRoleChip"],"fullName":"Small Display Components UserRoleChip debe renderizar el nombre del rol","status":"passed","title":"debe renderizar el nombre del rol","duration":34.48560500000076,"failureMessages":[],"meta":{},"tags":[]},{"ancestorTitles":["Small Display Components","UserRoleChip"],"fullName":"Small Display Components UserRoleChip debe renderizar un rol desconocido con estilo por defecto","status":"passed","title":"debe renderizar un rol desconocido con estilo por defecto","duration":24.175199000000248,"failureMessages":[],"meta":{},"tags":[]},{"ancestorTitles":["Small Display Components","SpaceStatusChip"],"fullName":"Small Display Components SpaceStatusChip debe renderizar estado físico DISPONIBLE","status":"passed","title":"debe renderizar estado físico DISPONIBLE","duration":29.11287799999991,"failureMessages":[],"meta":{},"tags":[]},{"ancestorTitles":["Small Display Components","SpaceStatusChip"],"fullName":"Small Display Components SpaceStatusChip debe renderizar estado dinámico LIBRE","status":"passed","title":"debe renderizar estado dinámico LIBRE","duration":16.307034999999814,"failureMessages":[],"meta":{},"tags":[]},{"ancestorTitles":["Small Display Components","SpaceStatusChip"],"fullName":"Small Display Components SpaceStatusChip debe mapear BLOQUEO a BLOQUEADO usando StatusChip","status":"passed","title":"debe mapear BLOQUEO a BLOQUEADO usando StatusChip","duration":36.93787499999962,"failureMessages":[],"meta":{},"tags":[]}],"startTime":1783465489929,"endTime":1783465490415.938,"status":"passed","message":"","name":"/home/dani/proyectos/tfg/frontend/src/features/reservations/components/list/components/SmallComponents.test.tsx"},{"assertionResults":[{"ancestorTitles":["Reservation Sub-Filters","DateRangeFilters"],"fullName":"Reservation Sub-Filters DateRangeFilters debe renderizar los pickers de fecha","status":"passed","title":"debe renderizar los pickers de fecha","duration":620.4736900000007,"failureMessages":[],"meta":{},"tags":[]},{"ancestorTitles":["Reservation Sub-Filters","SpaceFilter"],"fullName":"Reservation Sub-Filters SpaceFilter debe renderizar el selector de espacios y llamar a onChange","status":"passed","title":"debe renderizar el selector de espacios y llamar a onChange","duration":665.0239619999993,"failureMessages":[],"meta":{},"tags":[]},{"ancestorTitles":["Reservation Sub-Filters","SubjectFilter"],"fullName":"Reservation Sub-Filters SubjectFilter debe llamar a onChange al seleccionar asignatura","status":"passed","title":"debe llamar a onChange al seleccionar asignatura","duration":246.93400600000132,"failureMessages":[],"meta":{},"tags":[]},{"ancestorTitles":["Reservation Sub-Filters","UserFilter"],"fullName":"Reservation Sub-Filters UserFilter debe llamar a onChange al seleccionar usuario","status":"passed","title":"debe llamar a onChange al seleccionar usuario","duration":234.29307399999925,"failureMessages":[],"meta":{},"tags":[]},{"ancestorTitles":["Reservation Sub-Filters","StatusTypeFilters"],"fullName":"Reservation Sub-Filters StatusTypeFilters debe llamar a onChange al cambiar estado o tipo","status":"passed","title":"debe llamar a onChange al cambiar estado o tipo","duration":542.0799939999997,"failureMessages":[],"meta":{},"tags":[]}],"startTime":1783465465326,"endTime":1783465467636.08,"status":"passed","message":"","name":"/home/dani/proyectos/tfg/frontend/src/features/reservations/components/list/filters/ReservationSubFilters.test.tsx"},{"assertionResults":[{"ancestorTitles":["SpaceActions"],"fullName":"SpaceActions debe mostrar botones de editar, bloquear y eliminar si tiene permisos","status":"passed","title":"debe mostrar botones de editar, bloquear y eliminar si tiene permisos","duration":325.4802060000002,"failureMessages":[],"meta":{},"tags":[]},{"ancestorTitles":["SpaceActions"],"fullName":"SpaceActions debe disparar acción al pulsar restaurar en un espacio eliminado","status":"passed","title":"debe disparar acción al pulsar restaurar en un espacio eliminado","duration":33.704765999999836,"failureMessages":[],"meta":{},"tags":[]}],"startTime":1783465490676,"endTime":1783465491034.7048,"status":"passed","message":"","name":"/home/dani/proyectos/tfg/frontend/src/features/spaces/components/list/components/SpaceActions.test.tsx"},{"assertionResults":[{"ancestorTitles":["UserActions"],"fullName":"UserActions debe mostrar botones de editar, bloquear y eliminar para usuario activo","status":"passed","title":"debe mostrar botones de editar, bloquear y eliminar para usuario activo","duration":646.11708,"failureMessages":[],"meta":{},"tags":[]},{"ancestorTitles":["UserActions"],"fullName":"UserActions debe llamar a handleAction con la acción correcta","status":"passed","title":"debe llamar a handleAction con la acción correcta","duration":152.49357000000055,"failureMessages":[],"meta":{},"tags":[]},{"ancestorTitles":["UserActions"],"fullName":"UserActions debe mostrar botón de restaurar para usuario eliminado","status":"passed","title":"debe mostrar botón de restaurar para usuario eliminado","duration":50.897055000000364,"failureMessages":[],"meta":{},"tags":[]},{"ancestorTitles":["UserActions"],"fullName":"UserActions debe deshabilitar botones si el usuario es protegido","status":"passed","title":"debe deshabilitar botones si el usuario es protegido","duration":102.99682699999994,"failureMessages":[],"meta":{},"tags":[]},{"ancestorTitles":["UserActions"],"fullName":"UserActions debe proteger la cuenta admin principal","status":"passed","title":"debe proteger la cuenta admin principal","duration":53.88635599999998,"failureMessages":[],"meta":{},"tags":[]}],"startTime":1783465484456,"endTime":1783465485462.8865,"status":"passed","message":"","name":"/home/dani/proyectos/tfg/frontend/src/features/identity/users/components/list/components/UserActions.test.tsx"}]}